15/09/2024 23:04:53  INFO [                main] ApiRest :
			Obtendo as propriedades de configuração...
15/09/2024 23:04:53  INFO [                main] ApiRest :
			Propriedades de configuração carregadas com sucesso.
15/09/2024 23:04:53  INFO [                main] ApiRest :
			Obtendo as propriedades de configuração...
15/09/2024 23:04:53  INFO [                main] ApiRest :
			Propriedades de configuração carregadas com sucesso.
15/09/2024 23:04:53  INFO [                main] ApiRest :
			Obtendo as propriedades de configuração...
15/09/2024 23:04:53  INFO [                main] ApiRest :
			Propriedades de configuração carregadas com sucesso.
15/09/2024 23:04:53  INFO [                main] ApiRest :
			Obtendo as propriedades de configuração...
15/09/2024 23:04:53  INFO [                main] ApiRest :
			Propriedades de configuração carregadas com sucesso.
15/09/2024 23:04:53  INFO [                main] ApiRest :
			Obtendo as propriedades de configuração...
15/09/2024 23:04:53  INFO [                main] ApiRest :
			Propriedades de configuração carregadas com sucesso.
15/09/2024 23:04:53  INFO [                main] ApiRest :
			Obtendo as propriedades de configuração...
15/09/2024 23:04:53  INFO [                main] ApiRest :
			Propriedades de configuração carregadas com sucesso.
15/09/2024 23:04:53  INFO [                main] ApiRest :
			Obtendo as propriedades de configuração...
15/09/2024 23:04:53  INFO [                main] ApiRest :
			Propriedades de configuração carregadas com sucesso.
15/09/2024 23:04:57  INFO [                main] PostRequest :
			calling the post method with params: url=https://demoqa.com//Account/v1/GenerateToken, body={password=F!rm!no@24111994, username=NickFirmino}
15/09/2024 23:08:00  INFO [main] ApiRest : Obtendo as propriedades de configuração...
15/09/2024 23:08:00  INFO [main] ApiRest : Propriedades de configuração carregadas com sucesso.
15/09/2024 23:08:00  INFO [main] ApiRest : Obtendo as propriedades de configuração...
15/09/2024 23:08:00  INFO [main] ApiRest : Propriedades de configuração carregadas com sucesso.
15/09/2024 23:08:00  INFO [main] ApiRest : Obtendo as propriedades de configuração...
15/09/2024 23:08:00  INFO [main] ApiRest : Propriedades de configuração carregadas com sucesso.
15/09/2024 23:08:00  INFO [main] ApiRest : Obtendo as propriedades de configuração...
15/09/2024 23:08:00  INFO [main] ApiRest : Propriedades de configuração carregadas com sucesso.
15/09/2024 23:08:00  INFO [main] ApiRest : Obtendo as propriedades de configuração...
15/09/2024 23:08:00  INFO [main] ApiRest : Propriedades de configuração carregadas com sucesso.
15/09/2024 23:08:00  INFO [main] ApiRest : Obtendo as propriedades de configuração...
15/09/2024 23:08:00  INFO [main] ApiRest : Propriedades de configuração carregadas com sucesso.
15/09/2024 23:08:00  INFO [main] ApiRest : Obtendo as propriedades de configuração...
15/09/2024 23:08:00  INFO [main] ApiRest : Propriedades de configuração carregadas com sucesso.
15/09/2024 23:08:03  INFO [main] PostRequest : calling the post method with params: url=https://demoqa.com//Account/v1/GenerateToken, body={password=F!rm!no@24111994, username=NickFirmino}
15/09/2024 23:09:23  INFO [main] ApiRest : Obtendo as propriedades de configuração...
15/09/2024 23:09:23  INFO [main] ApiRest : Propriedades de configuração carregadas com sucesso.
15/09/2024 23:09:23  INFO [main] ApiRest : Obtendo as propriedades de configuração...
15/09/2024 23:09:23  INFO [main] ApiRest : Propriedades de configuração carregadas com sucesso.
15/09/2024 23:09:23  INFO [main] ApiRest : Obtendo as propriedades de configuração...
15/09/2024 23:09:23  INFO [main] ApiRest : Propriedades de configuração carregadas com sucesso.
15/09/2024 23:09:23  INFO [main] ApiRest : Obtendo as propriedades de configuração...
15/09/2024 23:09:23  INFO [main] ApiRest : Propriedades de configuração carregadas com sucesso.
15/09/2024 23:09:23  INFO [main] ApiRest : Obtendo as propriedades de configuração...
15/09/2024 23:09:23  INFO [main] ApiRest : Propriedades de configuração carregadas com sucesso.
15/09/2024 23:09:23  INFO [main] ApiRest : Obtendo as propriedades de configuração...
15/09/2024 23:09:23  INFO [main] ApiRest : Propriedades de configuração carregadas com sucesso.
15/09/2024 23:09:23  INFO [main] ApiRest : Obtendo as propriedades de configuração...
15/09/2024 23:09:23  INFO [main] ApiRest : Propriedades de configuração carregadas com sucesso.
15/09/2024 23:09:26  INFO [main] PostRequest : calling the post method with params: url=https://demoqa.com//Account/v1/GenerateToken, body={password=F!rm!no@24111994, username=NickFirmino}
15/09/2024 23:11:23  INFO [main] ApiRest : Obtendo as propriedades de configuração...
15/09/2024 23:11:23  INFO [main] ApiRest : Propriedades de configuração carregadas com sucesso.
15/09/2024 23:11:23  INFO [main] ApiRest : Obtendo as propriedades de configuração...
15/09/2024 23:11:23  INFO [main] ApiRest : Propriedades de configuração carregadas com sucesso.
15/09/2024 23:11:23  INFO [main] ApiRest : Obtendo as propriedades de configuração...
15/09/2024 23:11:23  INFO [main] ApiRest : Propriedades de configuração carregadas com sucesso.
15/09/2024 23:11:23  INFO [main] ApiRest : Obtendo as propriedades de configuração...
15/09/2024 23:11:23  INFO [main] ApiRest : Propriedades de configuração carregadas com sucesso.
15/09/2024 23:11:23  INFO [main] ApiRest : Obtendo as propriedades de configuração...
15/09/2024 23:11:23  INFO [main] ApiRest : Propriedades de configuração carregadas com sucesso.
15/09/2024 23:11:23  INFO [main] ApiRest : Obtendo as propriedades de configuração...
15/09/2024 23:11:23  INFO [main] ApiRest : Propriedades de configuração carregadas com sucesso.
15/09/2024 23:11:23  INFO [main] ApiRest : Obtendo as propriedades de configuração...
15/09/2024 23:11:23  INFO [main] ApiRest : Propriedades de configuração carregadas com sucesso.
15/09/2024 23:11:26  INFO [main] PostRequest : calling the post method with params: url=https://demoqa.com//Account/v1/GenerateToken, body={password=F!rm!no@24111994, username=NickFirmino}
15/09/2024 23:12:21  INFO [main] ApiRest : Obtendo as propriedades de configuração...
15/09/2024 23:12:21  INFO [main] ApiRest : Propriedades de configuração carregadas com sucesso.
15/09/2024 23:12:21  INFO [main] ApiRest : Obtendo as propriedades de configuração...
15/09/2024 23:12:21  INFO [main] ApiRest : Propriedades de configuração carregadas com sucesso.
15/09/2024 23:12:21  INFO [main] ApiRest : Obtendo as propriedades de configuração...
15/09/2024 23:12:21  INFO [main] ApiRest : Propriedades de configuração carregadas com sucesso.
15/09/2024 23:12:21  INFO [main] ApiRest : Obtendo as propriedades de configuração...
15/09/2024 23:12:21  INFO [main] ApiRest : Propriedades de configuração carregadas com sucesso.
15/09/2024 23:12:21  INFO [main] ApiRest : Obtendo as propriedades de configuração...
15/09/2024 23:12:21  INFO [main] ApiRest : Propriedades de configuração carregadas com sucesso.
15/09/2024 23:12:21  INFO [main] ApiRest : Obtendo as propriedades de configuração...
15/09/2024 23:12:21  INFO [main] ApiRest : Propriedades de configuração carregadas com sucesso.
15/09/2024 23:12:21  INFO [main] ApiRest : Obtendo as propriedades de configuração...
15/09/2024 23:12:21  INFO [main] ApiRest : Propriedades de configuração carregadas com sucesso.
15/09/2024 23:12:24  INFO [main] PostRequest : calling the post method with params: url=https://demoqa.com//Account/v1/GenerateToken, body={password=F!rm!no@24111994, username=NickFirmino}
15/09/2024 23:13:20  INFO [main] ApiRest : Obtendo as propriedades de configuração...
15/09/2024 23:13:20  INFO [main] ApiRest : Propriedades de configuração carregadas com sucesso.
15/09/2024 23:13:20  INFO [main] ApiRest : Obtendo as propriedades de configuração...
15/09/2024 23:13:20  INFO [main] ApiRest : Propriedades de configuração carregadas com sucesso.
15/09/2024 23:13:20  INFO [main] ApiRest : Obtendo as propriedades de configuração...
15/09/2024 23:13:20  INFO [main] ApiRest : Propriedades de configuração carregadas com sucesso.
15/09/2024 23:13:20  INFO [main] ApiRest : Obtendo as propriedades de configuração...
15/09/2024 23:13:20  INFO [main] ApiRest : Propriedades de configuração carregadas com sucesso.
15/09/2024 23:13:20  INFO [main] ApiRest : Obtendo as propriedades de configuração...
15/09/2024 23:13:20  INFO [main] ApiRest : Propriedades de configuração carregadas com sucesso.
15/09/2024 23:13:20  INFO [main] ApiRest : Obtendo as propriedades de configuração...
15/09/2024 23:13:20  INFO [main] ApiRest : Propriedades de configuração carregadas com sucesso.
15/09/2024 23:13:20  INFO [main] ApiRest : Obtendo as propriedades de configuração...
15/09/2024 23:13:20  INFO [main] ApiRest : Propriedades de configuração carregadas com sucesso.
15/09/2024 23:13:23  INFO [main] PostRequest : calling the post method with params: url=https://demoqa.com//Account/v1/GenerateToken, body={password=F!rm!no@24111994, username=NickFirmino}
