16/09/2024 02:01:24  INFO [main] ApiRest : Obtendo as propriedades de configuração...
16/09/2024 02:01:24  INFO [main] ApiRest : Propriedades de configuração carregadas com sucesso.
16/09/2024 02:01:24  INFO [main] ApiRest : Obtendo as propriedades de configuração...
16/09/2024 02:01:24  INFO [main] ApiRest : Propriedades de configuração carregadas com sucesso.
16/09/2024 02:01:24  INFO [main] ApiRest : Obtendo as propriedades de configuração...
16/09/2024 02:01:24  INFO [main] ApiRest : Propriedades de configuração carregadas com sucesso.
16/09/2024 02:01:24  INFO [main] ApiRest : Obtendo as propriedades de configuração...
16/09/2024 02:01:24  INFO [main] ApiRest : Propriedades de configuração carregadas com sucesso.
16/09/2024 02:01:24  INFO [main] ApiRest : Obtendo as propriedades de configuração...
16/09/2024 02:01:24  INFO [main] ApiRest : Propriedades de configuração carregadas com sucesso.
16/09/2024 02:01:24  INFO [main] ApiRest : Obtendo as propriedades de configuração...
16/09/2024 02:01:24  INFO [main] ApiRest : Propriedades de configuração carregadas com sucesso.
16/09/2024 02:01:24  INFO [main] ApiRest : Obtendo as propriedades de configuração...
16/09/2024 02:01:24  INFO [main] ApiRest : Propriedades de configuração carregadas com sucesso.
16/09/2024 02:01:39  INFO [main] ApiRest : Obtendo as propriedades de configuração...
16/09/2024 02:01:39  INFO [main] ApiRest : Propriedades de configuração carregadas com sucesso.
16/09/2024 02:01:39  INFO [main] ApiRest : Obtendo as propriedades de configuração...
16/09/2024 02:01:39  INFO [main] ApiRest : Propriedades de configuração carregadas com sucesso.
16/09/2024 02:01:39  INFO [main] ApiRest : Obtendo as propriedades de configuração...
16/09/2024 02:01:39  INFO [main] ApiRest : Propriedades de configuração carregadas com sucesso.
16/09/2024 02:01:39  INFO [main] ApiRest : Obtendo as propriedades de configuração...
16/09/2024 02:01:39  INFO [main] ApiRest : Propriedades de configuração carregadas com sucesso.
16/09/2024 02:01:39  INFO [main] ApiRest : Obtendo as propriedades de configuração...
16/09/2024 02:01:39  INFO [main] ApiRest : Propriedades de configuração carregadas com sucesso.
16/09/2024 02:01:39  INFO [main] ApiRest : Obtendo as propriedades de configuração...
16/09/2024 02:01:39  INFO [main] ApiRest : Propriedades de configuração carregadas com sucesso.
16/09/2024 02:01:39  INFO [main] ApiRest : Obtendo as propriedades de configuração...
16/09/2024 02:01:39  INFO [main] ApiRest : Propriedades de configuração carregadas com sucesso.
16/09/2024 02:01:41 ERROR [main] PostRequest : error: java.net.UnknownHostException: demoqa.com: nodename nor servname provided, or not known
16/09/2024 02:03:46  INFO [main] ApiRest : Obtendo as propriedades de configuração...
16/09/2024 02:03:46  INFO [main] ApiRest : Propriedades de configuração carregadas com sucesso.
16/09/2024 02:03:46  INFO [main] ApiRest : Obtendo as propriedades de configuração...
16/09/2024 02:03:46  INFO [main] ApiRest : Propriedades de configuração carregadas com sucesso.
16/09/2024 02:03:46  INFO [main] ApiRest : Obtendo as propriedades de configuração...
16/09/2024 02:03:46  INFO [main] ApiRest : Propriedades de configuração carregadas com sucesso.
16/09/2024 02:03:46  INFO [main] ApiRest : Obtendo as propriedades de configuração...
16/09/2024 02:03:46  INFO [main] ApiRest : Propriedades de configuração carregadas com sucesso.
16/09/2024 02:03:46  INFO [main] ApiRest : Obtendo as propriedades de configuração...
16/09/2024 02:03:46  INFO [main] ApiRest : Propriedades de configuração carregadas com sucesso.
16/09/2024 02:03:46  INFO [main] ApiRest : Obtendo as propriedades de configuração...
16/09/2024 02:03:46  INFO [main] ApiRest : Propriedades de configuração carregadas com sucesso.
16/09/2024 02:03:46  INFO [main] ApiRest : Obtendo as propriedades de configuração...
16/09/2024 02:03:46  INFO [main] ApiRest : Propriedades de configuração carregadas com sucesso.
16/09/2024 02:03:50  INFO [main] PostRequest : calling the post method with params: url=https://demoqa.com/Account/v1/GenerateToken, body={password=F!rm!no@24111994, username=NickFirmino}
16/09/2024 12:51:04  INFO [main] ApiRest : Obtendo as propriedades de configuração...
16/09/2024 12:51:04  INFO [main] ApiRest : Propriedades de configuração carregadas com sucesso.
16/09/2024 12:51:04  INFO [main] ApiRest : Obtendo as propriedades de configuração...
16/09/2024 12:51:04  INFO [main] ApiRest : Propriedades de configuração carregadas com sucesso.
16/09/2024 12:51:04  INFO [main] ApiRest : Obtendo as propriedades de configuração...
16/09/2024 12:51:04  INFO [main] ApiRest : Propriedades de configuração carregadas com sucesso.
16/09/2024 12:51:04  INFO [main] ApiRest : Obtendo as propriedades de configuração...
16/09/2024 12:51:04  INFO [main] ApiRest : Propriedades de configuração carregadas com sucesso.
16/09/2024 12:51:04  INFO [main] ApiRest : Obtendo as propriedades de configuração...
16/09/2024 12:51:04  INFO [main] ApiRest : Propriedades de configuração carregadas com sucesso.
16/09/2024 12:51:04  INFO [main] ApiRest : Obtendo as propriedades de configuração...
16/09/2024 12:51:04  INFO [main] ApiRest : Propriedades de configuração carregadas com sucesso.
16/09/2024 12:51:04  INFO [main] ApiRest : Obtendo as propriedades de configuração...
16/09/2024 12:51:04  INFO [main] ApiRest : Propriedades de configuração carregadas com sucesso.
16/09/2024 12:51:07  INFO [main] PostRequest : calling the post method with params: url=https://demoqa.com/Account/v1/GenerateToken, body={password=F!rm!no@24111994, username=NickFirmino}
16/09/2024 12:58:35  INFO [main] ApiRest : Obtendo as propriedades de configuração...
16/09/2024 12:58:35  INFO [main] ApiRest : Propriedades de configuração carregadas com sucesso.
16/09/2024 12:58:35  INFO [main] ApiRest : Obtendo as propriedades de configuração...
16/09/2024 12:58:35  INFO [main] ApiRest : Propriedades de configuração carregadas com sucesso.
16/09/2024 12:58:35  INFO [main] ApiRest : Obtendo as propriedades de configuração...
16/09/2024 12:58:35  INFO [main] ApiRest : Propriedades de configuração carregadas com sucesso.
16/09/2024 12:58:35  INFO [main] ApiRest : Obtendo as propriedades de configuração...
16/09/2024 12:58:35  INFO [main] ApiRest : Propriedades de configuração carregadas com sucesso.
16/09/2024 12:58:35  INFO [main] ApiRest : Obtendo as propriedades de configuração...
16/09/2024 12:58:35  INFO [main] ApiRest : Propriedades de configuração carregadas com sucesso.
16/09/2024 12:58:35  INFO [main] ApiRest : Obtendo as propriedades de configuração...
16/09/2024 12:58:35  INFO [main] ApiRest : Propriedades de configuração carregadas com sucesso.
16/09/2024 12:58:35  INFO [main] ApiRest : Obtendo as propriedades de configuração...
16/09/2024 12:58:35  INFO [main] ApiRest : Propriedades de configuração carregadas com sucesso.
16/09/2024 12:58:38  INFO [main] PostRequest : calling the post method with params: url=https://demoqa.com/Account/v1/GenerateToken, body={password=F!rm!no@24111994, username=NickFirmino}
16/09/2024 13:00:14  INFO [main] ApiRest : Obtendo as propriedades de configuração...
16/09/2024 13:00:14  INFO [main] ApiRest : Propriedades de configuração carregadas com sucesso.
16/09/2024 13:00:14  INFO [main] ApiRest : Obtendo as propriedades de configuração...
16/09/2024 13:00:14  INFO [main] ApiRest : Propriedades de configuração carregadas com sucesso.
16/09/2024 13:00:14  INFO [main] ApiRest : Obtendo as propriedades de configuração...
16/09/2024 13:00:14  INFO [main] ApiRest : Propriedades de configuração carregadas com sucesso.
16/09/2024 13:00:14  INFO [main] ApiRest : Obtendo as propriedades de configuração...
16/09/2024 13:00:14  INFO [main] ApiRest : Propriedades de configuração carregadas com sucesso.
16/09/2024 13:00:14  INFO [main] ApiRest : Obtendo as propriedades de configuração...
16/09/2024 13:00:14  INFO [main] ApiRest : Propriedades de configuração carregadas com sucesso.
16/09/2024 13:00:14  INFO [main] ApiRest : Obtendo as propriedades de configuração...
16/09/2024 13:00:14  INFO [main] ApiRest : Propriedades de configuração carregadas com sucesso.
16/09/2024 13:00:14  INFO [main] ApiRest : Obtendo as propriedades de configuração...
16/09/2024 13:00:14  INFO [main] ApiRest : Propriedades de configuração carregadas com sucesso.
16/09/2024 13:00:17  INFO [main] PostRequest : calling the post method with params: url=https://demoqa.com/Account/v1/GenerateToken, body={password=F!rm!no@24111994, username=NickFirmino}
16/09/2024 13:00:58  INFO [main] ApiRest : Obtendo as propriedades de configuração...
16/09/2024 13:00:58  INFO [main] ApiRest : Propriedades de configuração carregadas com sucesso.
16/09/2024 13:00:58  INFO [main] ApiRest : Obtendo as propriedades de configuração...
16/09/2024 13:00:58  INFO [main] ApiRest : Propriedades de configuração carregadas com sucesso.
16/09/2024 13:00:58  INFO [main] ApiRest : Obtendo as propriedades de configuração...
16/09/2024 13:00:58  INFO [main] ApiRest : Propriedades de configuração carregadas com sucesso.
16/09/2024 13:00:58  INFO [main] ApiRest : Obtendo as propriedades de configuração...
16/09/2024 13:00:58  INFO [main] ApiRest : Propriedades de configuração carregadas com sucesso.
16/09/2024 13:00:58  INFO [main] ApiRest : Obtendo as propriedades de configuração...
16/09/2024 13:00:58  INFO [main] ApiRest : Propriedades de configuração carregadas com sucesso.
16/09/2024 13:00:58  INFO [main] ApiRest : Obtendo as propriedades de configuração...
16/09/2024 13:00:58  INFO [main] ApiRest : Propriedades de configuração carregadas com sucesso.
16/09/2024 13:00:58  INFO [main] ApiRest : Obtendo as propriedades de configuração...
16/09/2024 13:00:58  INFO [main] ApiRest : Propriedades de configuração carregadas com sucesso.
16/09/2024 13:01:02  INFO [main] PostRequest : calling the post method with params: url=https://demoqa.com/Account/v1/GenerateToken, body={password=F!rm!no@24111994, username=NickFirmino}
16/09/2024 13:01:19  INFO [main] ApiRest : Obtendo as propriedades de configuração...
16/09/2024 13:01:19  INFO [main] ApiRest : Propriedades de configuração carregadas com sucesso.
16/09/2024 13:01:19  INFO [main] ApiRest : Obtendo as propriedades de configuração...
16/09/2024 13:01:19  INFO [main] ApiRest : Propriedades de configuração carregadas com sucesso.
16/09/2024 13:01:19  INFO [main] ApiRest : Obtendo as propriedades de configuração...
16/09/2024 13:01:19  INFO [main] ApiRest : Propriedades de configuração carregadas com sucesso.
16/09/2024 13:01:19  INFO [main] ApiRest : Obtendo as propriedades de configuração...
16/09/2024 13:01:19  INFO [main] ApiRest : Propriedades de configuração carregadas com sucesso.
16/09/2024 13:01:19  INFO [main] ApiRest : Obtendo as propriedades de configuração...
16/09/2024 13:01:19  INFO [main] ApiRest : Propriedades de configuração carregadas com sucesso.
16/09/2024 13:01:19  INFO [main] ApiRest : Obtendo as propriedades de configuração...
16/09/2024 13:01:19  INFO [main] ApiRest : Propriedades de configuração carregadas com sucesso.
16/09/2024 13:01:19  INFO [main] ApiRest : Obtendo as propriedades de configuração...
16/09/2024 13:01:19  INFO [main] ApiRest : Propriedades de configuração carregadas com sucesso.
16/09/2024 13:01:22  INFO [main] PostRequest : calling the post method with params: url=https://demoqa.com/Account/v1/GenerateToken, body={password=F!rm!no@24111994, username=NickFirmino}
16/09/2024 13:02:24  INFO [main] ApiRest : Obtendo as propriedades de configuração...
16/09/2024 13:02:24  INFO [main] ApiRest : Propriedades de configuração carregadas com sucesso.
16/09/2024 13:02:24  INFO [main] ApiRest : Obtendo as propriedades de configuração...
16/09/2024 13:02:24  INFO [main] ApiRest : Propriedades de configuração carregadas com sucesso.
16/09/2024 13:02:24  INFO [main] ApiRest : Obtendo as propriedades de configuração...
16/09/2024 13:02:24  INFO [main] ApiRest : Propriedades de configuração carregadas com sucesso.
16/09/2024 13:02:24  INFO [main] ApiRest : Obtendo as propriedades de configuração...
16/09/2024 13:02:24  INFO [main] ApiRest : Propriedades de configuração carregadas com sucesso.
16/09/2024 13:02:24  INFO [main] ApiRest : Obtendo as propriedades de configuração...
16/09/2024 13:02:24  INFO [main] ApiRest : Propriedades de configuração carregadas com sucesso.
16/09/2024 13:02:24  INFO [main] ApiRest : Obtendo as propriedades de configuração...
16/09/2024 13:02:24  INFO [main] ApiRest : Propriedades de configuração carregadas com sucesso.
16/09/2024 13:02:24  INFO [main] ApiRest : Obtendo as propriedades de configuração...
16/09/2024 13:02:24  INFO [main] ApiRest : Propriedades de configuração carregadas com sucesso.
16/09/2024 13:02:27  INFO [main] PostRequest : calling the post method with params: url=https://demoqa.com/Account/v1/GenerateToken, body={password=F!rm!no@24111994, username=NickFirmino}
16/09/2024 13:03:01  INFO [main] ApiRest : Obtendo as propriedades de configuração...
16/09/2024 13:03:01  INFO [main] ApiRest : Propriedades de configuração carregadas com sucesso.
16/09/2024 13:03:01  INFO [main] ApiRest : Obtendo as propriedades de configuração...
16/09/2024 13:03:01  INFO [main] ApiRest : Propriedades de configuração carregadas com sucesso.
16/09/2024 13:03:01  INFO [main] ApiRest : Obtendo as propriedades de configuração...
16/09/2024 13:03:01  INFO [main] ApiRest : Propriedades de configuração carregadas com sucesso.
16/09/2024 13:03:01  INFO [main] ApiRest : Obtendo as propriedades de configuração...
16/09/2024 13:03:01  INFO [main] ApiRest : Propriedades de configuração carregadas com sucesso.
16/09/2024 13:03:01  INFO [main] ApiRest : Obtendo as propriedades de configuração...
16/09/2024 13:03:01  INFO [main] ApiRest : Propriedades de configuração carregadas com sucesso.
16/09/2024 13:03:01  INFO [main] ApiRest : Obtendo as propriedades de configuração...
16/09/2024 13:03:01  INFO [main] ApiRest : Propriedades de configuração carregadas com sucesso.
16/09/2024 13:03:01  INFO [main] ApiRest : Obtendo as propriedades de configuração...
16/09/2024 13:03:01  INFO [main] ApiRest : Propriedades de configuração carregadas com sucesso.
16/09/2024 13:03:04  INFO [main] PostRequest : calling the post method with params: url=https://demoqa.com/Account/v1/GenerateToken, body={password=F!rm!no@24111994, username=NickFirmino}
16/09/2024 13:05:44  INFO [main] ApiRest : Obtendo as propriedades de configuração...
16/09/2024 13:05:44  INFO [main] ApiRest : Propriedades de configuração carregadas com sucesso.
16/09/2024 13:05:44  INFO [main] ApiRest : Obtendo as propriedades de configuração...
16/09/2024 13:05:44  INFO [main] ApiRest : Propriedades de configuração carregadas com sucesso.
16/09/2024 13:05:44  INFO [main] ApiRest : Obtendo as propriedades de configuração...
16/09/2024 13:05:44  INFO [main] ApiRest : Propriedades de configuração carregadas com sucesso.
16/09/2024 13:05:44  INFO [main] ApiRest : Obtendo as propriedades de configuração...
16/09/2024 13:05:44  INFO [main] ApiRest : Propriedades de configuração carregadas com sucesso.
16/09/2024 13:05:44  INFO [main] ApiRest : Obtendo as propriedades de configuração...
16/09/2024 13:05:44  INFO [main] ApiRest : Propriedades de configuração carregadas com sucesso.
16/09/2024 13:05:44  INFO [main] ApiRest : Obtendo as propriedades de configuração...
16/09/2024 13:05:44  INFO [main] ApiRest : Propriedades de configuração carregadas com sucesso.
16/09/2024 13:05:44  INFO [main] ApiRest : Obtendo as propriedades de configuração...
16/09/2024 13:05:44  INFO [main] ApiRest : Propriedades de configuração carregadas com sucesso.
16/09/2024 13:05:47  INFO [main] PostRequest : calling the post method with params: url=https://demoqa.com/Account/v1/GenerateToken, body={password=F!rm!no@24111994, username=NickFirmino}
16/09/2024 13:07:21  INFO [main] ApiRest : Obtendo as propriedades de configuração...
16/09/2024 13:07:21  INFO [main] ApiRest : Propriedades de configuração carregadas com sucesso.
16/09/2024 13:07:21  INFO [main] ApiRest : Obtendo as propriedades de configuração...
16/09/2024 13:07:21  INFO [main] ApiRest : Propriedades de configuração carregadas com sucesso.
16/09/2024 13:07:21  INFO [main] ApiRest : Obtendo as propriedades de configuração...
16/09/2024 13:07:21  INFO [main] ApiRest : Propriedades de configuração carregadas com sucesso.
16/09/2024 13:07:21  INFO [main] ApiRest : Obtendo as propriedades de configuração...
16/09/2024 13:07:21  INFO [main] ApiRest : Propriedades de configuração carregadas com sucesso.
16/09/2024 13:07:21  INFO [main] ApiRest : Obtendo as propriedades de configuração...
16/09/2024 13:07:21  INFO [main] ApiRest : Propriedades de configuração carregadas com sucesso.
16/09/2024 13:07:21  INFO [main] ApiRest : Obtendo as propriedades de configuração...
16/09/2024 13:07:21  INFO [main] ApiRest : Propriedades de configuração carregadas com sucesso.
16/09/2024 13:07:21  INFO [main] ApiRest : Obtendo as propriedades de configuração...
16/09/2024 13:07:21  INFO [main] ApiRest : Propriedades de configuração carregadas com sucesso.
16/09/2024 13:07:24  INFO [main] PostRequest : calling the post method with params: url=https://demoqa.com/Account/v1/GenerateToken, body={password=F!rm!no@24111994, username=NickFirmino}
16/09/2024 13:08:26  INFO [main] ApiRest : Obtendo as propriedades de configuração...
16/09/2024 13:08:26  INFO [main] ApiRest : Propriedades de configuração carregadas com sucesso.
16/09/2024 13:08:26  INFO [main] ApiRest : Obtendo as propriedades de configuração...
16/09/2024 13:08:26  INFO [main] ApiRest : Propriedades de configuração carregadas com sucesso.
16/09/2024 13:08:26  INFO [main] ApiRest : Obtendo as propriedades de configuração...
16/09/2024 13:08:26  INFO [main] ApiRest : Propriedades de configuração carregadas com sucesso.
16/09/2024 13:08:26  INFO [main] ApiRest : Obtendo as propriedades de configuração...
16/09/2024 13:08:26  INFO [main] ApiRest : Propriedades de configuração carregadas com sucesso.
16/09/2024 13:08:26  INFO [main] ApiRest : Obtendo as propriedades de configuração...
16/09/2024 13:08:26  INFO [main] ApiRest : Propriedades de configuração carregadas com sucesso.
16/09/2024 13:08:26  INFO [main] ApiRest : Obtendo as propriedades de configuração...
16/09/2024 13:08:26  INFO [main] ApiRest : Propriedades de configuração carregadas com sucesso.
16/09/2024 13:08:26  INFO [main] ApiRest : Obtendo as propriedades de configuração...
16/09/2024 13:08:26  INFO [main] ApiRest : Propriedades de configuração carregadas com sucesso.
16/09/2024 13:08:29  INFO [main] PostRequest : calling the post method with params: url=https://demoqa.com/Account/v1/GenerateToken, body={password=F!rm!no@24111994, username=NickFirmino}
16/09/2024 13:28:09  INFO [main] ApiRest : Obtendo as propriedades de configuração...
16/09/2024 13:28:09  INFO [main] ApiRest : Propriedades de configuração carregadas com sucesso.
16/09/2024 13:28:09  INFO [main] ApiRest : Obtendo as propriedades de configuração...
16/09/2024 13:28:09  INFO [main] ApiRest : Propriedades de configuração carregadas com sucesso.
16/09/2024 13:28:09  INFO [main] ApiRest : Obtendo as propriedades de configuração...
16/09/2024 13:28:09  INFO [main] ApiRest : Propriedades de configuração carregadas com sucesso.
16/09/2024 13:28:09  INFO [main] ApiRest : Obtendo as propriedades de configuração...
16/09/2024 13:28:09  INFO [main] ApiRest : Propriedades de configuração carregadas com sucesso.
16/09/2024 13:28:09  INFO [main] ApiRest : Obtendo as propriedades de configuração...
16/09/2024 13:28:09  INFO [main] ApiRest : Propriedades de configuração carregadas com sucesso.
16/09/2024 13:28:09  INFO [main] ApiRest : Obtendo as propriedades de configuração...
16/09/2024 13:28:09  INFO [main] ApiRest : Propriedades de configuração carregadas com sucesso.
16/09/2024 13:28:09  INFO [main] ApiRest : Obtendo as propriedades de configuração...
16/09/2024 13:28:09  INFO [main] ApiRest : Propriedades de configuração carregadas com sucesso.
16/09/2024 13:28:13  INFO [main] PostRequest : calling the post method with params: url=https://demoqa.com/Account/v1/GenerateToken, body={password=F!rm!no@24111994, userName=NickFirmino}
16/09/2024 13:47:56  INFO [main] ApiRest : Obtendo as propriedades de configuração...
16/09/2024 13:47:56  INFO [main] ApiRest : Propriedades de configuração carregadas com sucesso.
16/09/2024 13:47:56  INFO [main] ApiRest : Obtendo as propriedades de configuração...
16/09/2024 13:47:56  INFO [main] ApiRest : Propriedades de configuração carregadas com sucesso.
16/09/2024 13:47:56  INFO [main] ApiRest : Obtendo as propriedades de configuração...
16/09/2024 13:47:56  INFO [main] ApiRest : Propriedades de configuração carregadas com sucesso.
16/09/2024 13:47:56  INFO [main] ApiRest : Obtendo as propriedades de configuração...
16/09/2024 13:47:56  INFO [main] ApiRest : Propriedades de configuração carregadas com sucesso.
16/09/2024 13:47:56  INFO [main] ApiRest : Obtendo as propriedades de configuração...
16/09/2024 13:47:56  INFO [main] ApiRest : Propriedades de configuração carregadas com sucesso.
16/09/2024 13:47:56  INFO [main] ApiRest : Obtendo as propriedades de configuração...
16/09/2024 13:47:56  INFO [main] ApiRest : Propriedades de configuração carregadas com sucesso.
16/09/2024 13:47:56  INFO [main] ApiRest : Obtendo as propriedades de configuração...
16/09/2024 13:47:56  INFO [main] ApiRest : Propriedades de configuração carregadas com sucesso.
16/09/2024 13:47:59  INFO [main] PostRequest : calling the post method with params: url=https://demoqa.com/Account/v1/GenerateToken, body={password=F!rm!no@24111994, userName=NickFirmino}
16/09/2024 13:48:00  INFO [main] AuthenticationDefaultController : model.authentication.AuthenticationDefault@4d705112
16/09/2024 13:48:32  INFO [main] ApiRest : Obtendo as propriedades de configuração...
16/09/2024 13:48:32  INFO [main] ApiRest : Propriedades de configuração carregadas com sucesso.
16/09/2024 13:48:32  INFO [main] ApiRest : Obtendo as propriedades de configuração...
16/09/2024 13:48:32  INFO [main] ApiRest : Propriedades de configuração carregadas com sucesso.
16/09/2024 13:48:32  INFO [main] ApiRest : Obtendo as propriedades de configuração...
16/09/2024 13:48:32  INFO [main] ApiRest : Propriedades de configuração carregadas com sucesso.
16/09/2024 13:48:32  INFO [main] ApiRest : Obtendo as propriedades de configuração...
16/09/2024 13:48:32  INFO [main] ApiRest : Propriedades de configuração carregadas com sucesso.
16/09/2024 13:48:32  INFO [main] ApiRest : Obtendo as propriedades de configuração...
16/09/2024 13:48:32  INFO [main] ApiRest : Propriedades de configuração carregadas com sucesso.
16/09/2024 13:48:32  INFO [main] ApiRest : Obtendo as propriedades de configuração...
16/09/2024 13:48:32  INFO [main] ApiRest : Propriedades de configuração carregadas com sucesso.
16/09/2024 13:48:32  INFO [main] ApiRest : Obtendo as propriedades de configuração...
16/09/2024 13:48:32  INFO [main] ApiRest : Propriedades de configuração carregadas com sucesso.
16/09/2024 13:48:35  INFO [main] PostRequest : calling the post method with params: url=https://demoqa.com/Account/v1/GenerateToken, body={password=F!rm!no@24111994, userName=NickFirmino}
16/09/2024 13:48:35  INFO [main] AuthenticationDefaultController : model.authentication.AuthenticationDefault@4d705112
16/09/2024 13:49:04  INFO [main] ApiRest : Obtendo as propriedades de configuração...
16/09/2024 13:49:04  INFO [main] ApiRest : Propriedades de configuração carregadas com sucesso.
16/09/2024 13:49:04  INFO [main] ApiRest : Obtendo as propriedades de configuração...
16/09/2024 13:49:04  INFO [main] ApiRest : Propriedades de configuração carregadas com sucesso.
16/09/2024 13:49:04  INFO [main] ApiRest : Obtendo as propriedades de configuração...
16/09/2024 13:49:04  INFO [main] ApiRest : Propriedades de configuração carregadas com sucesso.
16/09/2024 13:49:04  INFO [main] ApiRest : Obtendo as propriedades de configuração...
16/09/2024 13:49:04  INFO [main] ApiRest : Propriedades de configuração carregadas com sucesso.
16/09/2024 13:49:04  INFO [main] ApiRest : Obtendo as propriedades de configuração...
16/09/2024 13:49:04  INFO [main] ApiRest : Propriedades de configuração carregadas com sucesso.
16/09/2024 13:49:04  INFO [main] ApiRest : Obtendo as propriedades de configuração...
16/09/2024 13:49:04  INFO [main] ApiRest : Propriedades de configuração carregadas com sucesso.
16/09/2024 13:49:04  INFO [main] ApiRest : Obtendo as propriedades de configuração...
16/09/2024 13:49:04  INFO [main] ApiRest : Propriedades de configuração carregadas com sucesso.
16/09/2024 13:49:08  INFO [main] PostRequest : calling the post method with params: url=https://demoqa.com/Account/v1/GenerateToken, body={password=F!rm!no@24111994, userName=NickFirmino}
16/09/2024 13:49:08  INFO [main] AuthenticationDefaultController : model.authentication.AuthenticationDefault@4d705112
