19/09/2024 09:08:36  INFO [main] ApiRest : Obtendo as propriedades de configuração...
19/09/2024 09:08:36  INFO [main] ApiRest : Propriedades de configuração carregadas com sucesso.
19/09/2024 09:08:36  INFO [main] ApiRest : Obtendo as propriedades de configuração...
19/09/2024 09:08:36  INFO [main] ApiRest : Propriedades de configuração carregadas com sucesso.
19/09/2024 09:08:36  INFO [main] ApiRest : Obtendo as propriedades de configuração...
19/09/2024 09:08:36  INFO [main] ApiRest : Propriedades de configuração carregadas com sucesso.
19/09/2024 09:08:36  INFO [main] ApiRest : Obtendo as propriedades de configuração...
19/09/2024 09:08:36  INFO [main] ApiRest : Propriedades de configuração carregadas com sucesso.
19/09/2024 09:08:36  INFO [main] ApiRest : Obtendo as propriedades de configuração...
19/09/2024 09:08:36  INFO [main] ApiRest : Propriedades de configuração carregadas com sucesso.
19/09/2024 09:08:36  INFO [main] ApiRest : Obtendo as propriedades de configuração...
19/09/2024 09:08:36  INFO [main] ApiRest : Propriedades de configuração carregadas com sucesso.
19/09/2024 09:08:36  INFO [main] ApiRest : Obtendo as propriedades de configuração...
19/09/2024 09:08:36  INFO [main] ApiRest : Propriedades de configuração carregadas com sucesso.
19/09/2024 09:12:27  INFO [main] ApiRest : Obtendo as propriedades de configuração...
19/09/2024 09:12:27  INFO [main] ApiRest : Propriedades de configuração carregadas com sucesso.
19/09/2024 09:12:27  INFO [main] ApiRest : Obtendo as propriedades de configuração...
19/09/2024 09:12:27  INFO [main] ApiRest : Propriedades de configuração carregadas com sucesso.
19/09/2024 09:12:27  INFO [main] ApiRest : Obtendo as propriedades de configuração...
19/09/2024 09:12:27  INFO [main] ApiRest : Propriedades de configuração carregadas com sucesso.
19/09/2024 09:12:27  INFO [main] ApiRest : Obtendo as propriedades de configuração...
19/09/2024 09:12:27  INFO [main] ApiRest : Propriedades de configuração carregadas com sucesso.
19/09/2024 09:12:27  INFO [main] ApiRest : Obtendo as propriedades de configuração...
19/09/2024 09:12:27  INFO [main] ApiRest : Propriedades de configuração carregadas com sucesso.
19/09/2024 09:12:27  INFO [main] ApiRest : Obtendo as propriedades de configuração...
19/09/2024 09:12:27  INFO [main] ApiRest : Propriedades de configuração carregadas com sucesso.
19/09/2024 09:12:27  INFO [main] ApiRest : Obtendo as propriedades de configuração...
19/09/2024 09:12:27  INFO [main] ApiRest : Propriedades de configuração carregadas com sucesso.
19/09/2024 09:12:30  INFO [main] PostRequest : calling the post method with params: url=https://portal-ec-arv-auth.hml.alelo-cloud.com/api/auth/token, body={password=TQK9d8Ye26, userName=75541830010}
19/09/2024 09:12:30  INFO [main] AuthenticationDefaultController : erro ao obter type do token: java.lang.NullPointerException: Cannot invoke "String.concat(String)" because "this.tokenType" is null
19/09/2024 09:12:30  INFO [main] AuthenticationDefaultController : null
19/09/2024 09:14:32  INFO [main] ApiRest : Obtendo as propriedades de configuração...
19/09/2024 09:14:32  INFO [main] ApiRest : Propriedades de configuração carregadas com sucesso.
19/09/2024 09:14:32  INFO [main] ApiRest : Obtendo as propriedades de configuração...
19/09/2024 09:14:32  INFO [main] ApiRest : Propriedades de configuração carregadas com sucesso.
19/09/2024 09:14:32  INFO [main] ApiRest : Obtendo as propriedades de configuração...
19/09/2024 09:14:32  INFO [main] ApiRest : Propriedades de configuração carregadas com sucesso.
19/09/2024 09:14:32  INFO [main] ApiRest : Obtendo as propriedades de configuração...
19/09/2024 09:14:32  INFO [main] ApiRest : Propriedades de configuração carregadas com sucesso.
19/09/2024 09:14:32  INFO [main] ApiRest : Obtendo as propriedades de configuração...
19/09/2024 09:14:32  INFO [main] ApiRest : Propriedades de configuração carregadas com sucesso.
19/09/2024 09:14:32  INFO [main] ApiRest : Obtendo as propriedades de configuração...
19/09/2024 09:14:32  INFO [main] ApiRest : Propriedades de configuração carregadas com sucesso.
19/09/2024 09:14:32  INFO [main] ApiRest : Obtendo as propriedades de configuração...
19/09/2024 09:14:32  INFO [main] ApiRest : Propriedades de configuração carregadas com sucesso.
19/09/2024 09:14:36  INFO [main] PostRequest : calling the post method with params: url=https://portal-ec-arv-auth.hml.alelo-cloud.com/api/auth/token, body={password=TQK9d8Ye26, userName=75541830010}
19/09/2024 09:14:36  INFO [main] AuthenticationDefaultController : erro ao obter type do token: java.lang.NullPointerException: Cannot invoke "String.concat(String)" because "this.tokenType" is null
19/09/2024 09:14:36  INFO [main] AuthenticationDefaultController : null
19/09/2024 09:16:44  INFO [main] ApiRest : Obtendo as propriedades de configuração...
19/09/2024 09:16:44  INFO [main] ApiRest : Propriedades de configuração carregadas com sucesso.
19/09/2024 09:16:44  INFO [main] ApiRest : Obtendo as propriedades de configuração...
19/09/2024 09:16:44  INFO [main] ApiRest : Propriedades de configuração carregadas com sucesso.
19/09/2024 09:16:44  INFO [main] ApiRest : Obtendo as propriedades de configuração...
19/09/2024 09:16:44  INFO [main] ApiRest : Propriedades de configuração carregadas com sucesso.
19/09/2024 09:16:44  INFO [main] ApiRest : Obtendo as propriedades de configuração...
19/09/2024 09:16:44  INFO [main] ApiRest : Propriedades de configuração carregadas com sucesso.
19/09/2024 09:16:44  INFO [main] ApiRest : Obtendo as propriedades de configuração...
19/09/2024 09:16:44  INFO [main] ApiRest : Propriedades de configuração carregadas com sucesso.
19/09/2024 09:16:44  INFO [main] ApiRest : Obtendo as propriedades de configuração...
19/09/2024 09:16:44  INFO [main] ApiRest : Propriedades de configuração carregadas com sucesso.
19/09/2024 09:16:44  INFO [main] ApiRest : Obtendo as propriedades de configuração...
19/09/2024 09:16:44  INFO [main] ApiRest : Propriedades de configuração carregadas com sucesso.
19/09/2024 09:16:47  INFO [main] PostRequest : calling the post method with params: url=https://portal-ec-arv-auth.hml.alelo-cloud.com/api/auth/token, body={password=TQK9d8Ye26, userName=75541830010}
19/09/2024 09:16:47  INFO [main] AuthenticationDefaultController : erro ao obter type do token: java.lang.NullPointerException: Cannot invoke "String.concat(String)" because "this.tokenType" is null
19/09/2024 09:16:47  INFO [main] AuthenticationDefaultController : null
19/09/2024 09:33:19  INFO [main] ApiRest : Obtendo as propriedades de configuração...
19/09/2024 09:33:19  INFO [main] ApiRest : Propriedades de configuração carregadas com sucesso.
19/09/2024 09:33:19  INFO [main] ApiRest : Obtendo as propriedades de configuração...
19/09/2024 09:33:19  INFO [main] ApiRest : Propriedades de configuração carregadas com sucesso.
19/09/2024 09:33:19  INFO [main] ApiRest : Obtendo as propriedades de configuração...
19/09/2024 09:33:19  INFO [main] ApiRest : Propriedades de configuração carregadas com sucesso.
19/09/2024 09:33:19  INFO [main] ApiRest : Obtendo as propriedades de configuração...
19/09/2024 09:33:19  INFO [main] ApiRest : Propriedades de configuração carregadas com sucesso.
19/09/2024 09:33:19  INFO [main] ApiRest : Obtendo as propriedades de configuração...
19/09/2024 09:33:19  INFO [main] ApiRest : Propriedades de configuração carregadas com sucesso.
19/09/2024 09:33:19  INFO [main] ApiRest : Obtendo as propriedades de configuração...
19/09/2024 09:33:19  INFO [main] ApiRest : Propriedades de configuração carregadas com sucesso.
19/09/2024 09:33:19  INFO [main] ApiRest : Obtendo as propriedades de configuração...
19/09/2024 09:33:19  INFO [main] ApiRest : Propriedades de configuração carregadas com sucesso.
19/09/2024 09:33:22  INFO [main] PostRequest : calling the post method with params: url=https://portal-ec-arv-auth.hml.alelo-cloud.com/api/auth/token, body={password=TQK9d8Ye26, userName=75541830010}
19/09/2024 09:33:23 ERROR [main] OptionsRequest : error: javax.net.ssl.SSLHandshakeException: PKIX path building failed: sun.security.provider.certpath.SunCertPathBuilderException: unable to find valid certification path to requested target
19/09/2024 09:33:23  INFO [main] AuthenticationDefaultController : erro ao obter type do token: java.lang.NullPointerException: Cannot invoke "String.concat(String)" because "this.tokenType" is null
19/09/2024 09:33:23  INFO [main] AuthenticationDefaultController : null
19/09/2024 09:59:31  INFO [main] ApiRest : Obtendo as propriedades de configuração...
19/09/2024 09:59:31  INFO [main] ApiRest : Propriedades de configuração carregadas com sucesso.
19/09/2024 09:59:31  INFO [main] ApiRest : Obtendo as propriedades de configuração...
19/09/2024 09:59:31  INFO [main] ApiRest : Propriedades de configuração carregadas com sucesso.
19/09/2024 09:59:31  INFO [main] ApiRest : Obtendo as propriedades de configuração...
19/09/2024 09:59:31  INFO [main] ApiRest : Propriedades de configuração carregadas com sucesso.
19/09/2024 09:59:31  INFO [main] ApiRest : Obtendo as propriedades de configuração...
19/09/2024 09:59:31  INFO [main] ApiRest : Propriedades de configuração carregadas com sucesso.
19/09/2024 09:59:31  INFO [main] ApiRest : Obtendo as propriedades de configuração...
19/09/2024 09:59:31  INFO [main] ApiRest : Propriedades de configuração carregadas com sucesso.
19/09/2024 09:59:31  INFO [main] ApiRest : Obtendo as propriedades de configuração...
19/09/2024 09:59:31  INFO [main] ApiRest : Propriedades de configuração carregadas com sucesso.
19/09/2024 09:59:31  INFO [main] ApiRest : Obtendo as propriedades de configuração...
19/09/2024 09:59:31  INFO [main] ApiRest : Propriedades de configuração carregadas com sucesso.
19/09/2024 09:59:35  INFO [main] PostRequest : calling the post method with params: url=https://portal-ec-arv-auth.hml.alelo-cloud.com/api/auth/token, body={password=TQK9d8Ye26, userName=75541830010}
19/09/2024 09:59:35  INFO [main] AuthenticationDefaultController : erro ao obter type do token: java.lang.NullPointerException: Cannot invoke "String.concat(String)" because "this.tokenType" is null
19/09/2024 09:59:35  INFO [main] AuthenticationDefaultController : null
19/09/2024 10:00:15  INFO [main] ApiRest : Obtendo as propriedades de configuração...
19/09/2024 10:00:15  INFO [main] ApiRest : Propriedades de configuração carregadas com sucesso.
19/09/2024 10:00:15  INFO [main] ApiRest : Obtendo as propriedades de configuração...
19/09/2024 10:00:15  INFO [main] ApiRest : Propriedades de configuração carregadas com sucesso.
19/09/2024 10:00:15  INFO [main] ApiRest : Obtendo as propriedades de configuração...
19/09/2024 10:00:15  INFO [main] ApiRest : Propriedades de configuração carregadas com sucesso.
19/09/2024 10:00:15  INFO [main] ApiRest : Obtendo as propriedades de configuração...
19/09/2024 10:00:15  INFO [main] ApiRest : Propriedades de configuração carregadas com sucesso.
19/09/2024 10:00:15  INFO [main] ApiRest : Obtendo as propriedades de configuração...
19/09/2024 10:00:15  INFO [main] ApiRest : Propriedades de configuração carregadas com sucesso.
19/09/2024 10:00:15  INFO [main] ApiRest : Obtendo as propriedades de configuração...
19/09/2024 10:00:15  INFO [main] ApiRest : Propriedades de configuração carregadas com sucesso.
19/09/2024 10:00:15  INFO [main] ApiRest : Obtendo as propriedades de configuração...
19/09/2024 10:00:15  INFO [main] ApiRest : Propriedades de configuração carregadas com sucesso.
19/09/2024 10:00:18  INFO [main] PostRequest : calling the post method with params: url=https://portal-ec-arv-auth.hml.alelo-cloud.com/api/auth/token, body={password=TQK9d8Ye26, userName=75541830010}
19/09/2024 10:00:18  INFO [main] AuthenticationDefaultController : erro ao obter type do token: java.lang.NullPointerException: Cannot invoke "String.toString()" because the return value of "model.authentication.AuthenticationDefault.getAccessToken()" is null
19/09/2024 10:00:18  INFO [main] AuthenticationDefaultController : null
19/09/2024 10:06:35  INFO [main] ApiRest : Obtendo as propriedades de configuração...
19/09/2024 10:06:35  INFO [main] ApiRest : Propriedades de configuração carregadas com sucesso.
19/09/2024 10:06:35  INFO [main] ApiRest : Obtendo as propriedades de configuração...
19/09/2024 10:06:35  INFO [main] ApiRest : Propriedades de configuração carregadas com sucesso.
19/09/2024 10:06:35  INFO [main] ApiRest : Obtendo as propriedades de configuração...
19/09/2024 10:06:35  INFO [main] ApiRest : Propriedades de configuração carregadas com sucesso.
19/09/2024 10:06:35  INFO [main] ApiRest : Obtendo as propriedades de configuração...
19/09/2024 10:06:35  INFO [main] ApiRest : Propriedades de configuração carregadas com sucesso.
19/09/2024 10:06:35  INFO [main] ApiRest : Obtendo as propriedades de configuração...
19/09/2024 10:06:35  INFO [main] ApiRest : Propriedades de configuração carregadas com sucesso.
19/09/2024 10:06:35  INFO [main] ApiRest : Obtendo as propriedades de configuração...
19/09/2024 10:06:35  INFO [main] ApiRest : Propriedades de configuração carregadas com sucesso.
19/09/2024 10:06:35  INFO [main] ApiRest : Obtendo as propriedades de configuração...
19/09/2024 10:06:35  INFO [main] ApiRest : Propriedades de configuração carregadas com sucesso.
19/09/2024 10:06:37  INFO [main] PostRequest : calling the post method with params: url=https://portal-ec-arv-auth.hml.alelo-cloud.com/api/auth/token, body={password=TQK9d8Ye26, userName=75541830010}
19/09/2024 10:06:37  INFO [main] AuthenticationDefaultController : erro ao obter type do token: java.lang.NullPointerException: Cannot invoke "String.toString()" because the return value of "model.authentication.AuthenticationDefault.getAccessToken()" is null
19/09/2024 10:06:37  INFO [main] AuthenticationDefaultController : null
19/09/2024 10:06:37  INFO [main] AuthenticationDefaultController : Resposta completa: io.restassured.internal.RestAssuredResponseImpl@4bb147ec
19/09/2024 10:08:26  INFO [main] ApiRest : Obtendo as propriedades de configuração...
19/09/2024 10:08:26  INFO [main] ApiRest : Propriedades de configuração carregadas com sucesso.
19/09/2024 10:08:26  INFO [main] ApiRest : Obtendo as propriedades de configuração...
19/09/2024 10:08:26  INFO [main] ApiRest : Propriedades de configuração carregadas com sucesso.
19/09/2024 10:08:26  INFO [main] ApiRest : Obtendo as propriedades de configuração...
19/09/2024 10:08:26  INFO [main] ApiRest : Propriedades de configuração carregadas com sucesso.
19/09/2024 10:08:26  INFO [main] ApiRest : Obtendo as propriedades de configuração...
19/09/2024 10:08:26  INFO [main] ApiRest : Propriedades de configuração carregadas com sucesso.
19/09/2024 10:08:26  INFO [main] ApiRest : Obtendo as propriedades de configuração...
19/09/2024 10:08:26  INFO [main] ApiRest : Propriedades de configuração carregadas com sucesso.
19/09/2024 10:08:26  INFO [main] ApiRest : Obtendo as propriedades de configuração...
19/09/2024 10:08:26  INFO [main] ApiRest : Propriedades de configuração carregadas com sucesso.
19/09/2024 10:08:26  INFO [main] ApiRest : Obtendo as propriedades de configuração...
19/09/2024 10:08:26  INFO [main] ApiRest : Propriedades de configuração carregadas com sucesso.
19/09/2024 10:08:28  INFO [main] PostRequest : calling the post method with params: url=https://portal-ec-arv-auth.hml.alelo-cloud.com/api/auth/token, body={password=TQK9d8Ye26, userName=75541830010}
19/09/2024 10:08:29  INFO [main] AuthenticationDefaultController : erro ao obter type do token: java.lang.NullPointerException: Cannot invoke "String.toString()" because the return value of "model.authentication.AuthenticationDefault.getAccessToken()" is null
19/09/2024 10:08:29  INFO [main] AuthenticationDefaultController : null
19/09/2024 10:08:29  INFO [main] AuthenticationDefaultController : Resposta completa: io.restassured.internal.RestAssuredResponseImpl@4bb147ec
19/09/2024 10:10:06  INFO [main] ApiRest : Obtendo as propriedades de configuração...
19/09/2024 10:10:06  INFO [main] ApiRest : Propriedades de configuração carregadas com sucesso.
19/09/2024 10:10:06  INFO [main] ApiRest : Obtendo as propriedades de configuração...
19/09/2024 10:10:06  INFO [main] ApiRest : Propriedades de configuração carregadas com sucesso.
19/09/2024 10:10:06  INFO [main] ApiRest : Obtendo as propriedades de configuração...
19/09/2024 10:10:06  INFO [main] ApiRest : Propriedades de configuração carregadas com sucesso.
19/09/2024 10:10:06  INFO [main] ApiRest : Obtendo as propriedades de configuração...
19/09/2024 10:10:06  INFO [main] ApiRest : Propriedades de configuração carregadas com sucesso.
19/09/2024 10:10:06  INFO [main] ApiRest : Obtendo as propriedades de configuração...
19/09/2024 10:10:06  INFO [main] ApiRest : Propriedades de configuração carregadas com sucesso.
19/09/2024 10:10:06  INFO [main] ApiRest : Obtendo as propriedades de configuração...
19/09/2024 10:10:06  INFO [main] ApiRest : Propriedades de configuração carregadas com sucesso.
19/09/2024 10:10:06  INFO [main] ApiRest : Obtendo as propriedades de configuração...
19/09/2024 10:10:06  INFO [main] ApiRest : Propriedades de configuração carregadas com sucesso.
19/09/2024 10:10:10  INFO [main] PostRequest : calling the post method with params: url=https://portal-ec-arv-auth.hml.alelo-cloud.com/api/auth/token, body={password=TQK9d8Ye26, userName=75541830010}
19/09/2024 10:10:10  INFO [main] AuthenticationDefaultController : erro ao obter type do token: java.lang.NullPointerException: Cannot invoke "String.toString()" because the return value of "model.authentication.AuthenticationDefault.getAccessToken()" is null
19/09/2024 10:10:10  INFO [main] AuthenticationDefaultController : null
19/09/2024 10:10:10  INFO [main] AuthenticationDefaultController : Resposta completa: io.restassured.internal.RestAssuredResponseImpl@4bb147ec
19/09/2024 10:10:10  INFO [main] AuthenticationDefaultController : Resposta completa: io.restassured.internal.RestAssuredResponseImpl@4bb147ec
19/09/2024 10:11:39  INFO [main] ApiRest : Obtendo as propriedades de configuração...
19/09/2024 10:11:39  INFO [main] ApiRest : Propriedades de configuração carregadas com sucesso.
19/09/2024 10:11:39  INFO [main] ApiRest : Obtendo as propriedades de configuração...
19/09/2024 10:11:39  INFO [main] ApiRest : Propriedades de configuração carregadas com sucesso.
19/09/2024 10:11:39  INFO [main] ApiRest : Obtendo as propriedades de configuração...
19/09/2024 10:11:39  INFO [main] ApiRest : Propriedades de configuração carregadas com sucesso.
19/09/2024 10:11:39  INFO [main] ApiRest : Obtendo as propriedades de configuração...
19/09/2024 10:11:39  INFO [main] ApiRest : Propriedades de configuração carregadas com sucesso.
19/09/2024 10:11:39  INFO [main] ApiRest : Obtendo as propriedades de configuração...
19/09/2024 10:11:39  INFO [main] ApiRest : Propriedades de configuração carregadas com sucesso.
19/09/2024 10:11:39  INFO [main] ApiRest : Obtendo as propriedades de configuração...
19/09/2024 10:11:39  INFO [main] ApiRest : Propriedades de configuração carregadas com sucesso.
19/09/2024 10:11:39  INFO [main] ApiRest : Obtendo as propriedades de configuração...
19/09/2024 10:11:39  INFO [main] ApiRest : Propriedades de configuração carregadas com sucesso.
19/09/2024 10:11:42  INFO [main] PostRequest : calling the post method with params: url=https://portal-ec-arv-auth.hml.alelo-cloud.com/api/auth/token, body={password=TQK9d8Ye26, userName=75541830010}
19/09/2024 10:11:42  INFO [main] AuthenticationDefaultController : erro ao obter type do token: java.lang.NullPointerException: Cannot invoke "String.toString()" because the return value of "model.authentication.AuthenticationDefault.getAccessToken()" is null
19/09/2024 10:11:42  INFO [main] AuthenticationDefaultController : null
19/09/2024 10:12:01  INFO [main] ApiRest : Obtendo as propriedades de configuração...
19/09/2024 10:12:01  INFO [main] ApiRest : Propriedades de configuração carregadas com sucesso.
19/09/2024 10:12:01  INFO [main] ApiRest : Obtendo as propriedades de configuração...
19/09/2024 10:12:01  INFO [main] ApiRest : Propriedades de configuração carregadas com sucesso.
19/09/2024 10:12:01  INFO [main] ApiRest : Obtendo as propriedades de configuração...
19/09/2024 10:12:01  INFO [main] ApiRest : Propriedades de configuração carregadas com sucesso.
19/09/2024 10:12:01  INFO [main] ApiRest : Obtendo as propriedades de configuração...
19/09/2024 10:12:01  INFO [main] ApiRest : Propriedades de configuração carregadas com sucesso.
19/09/2024 10:12:01  INFO [main] ApiRest : Obtendo as propriedades de configuração...
19/09/2024 10:12:01  INFO [main] ApiRest : Propriedades de configuração carregadas com sucesso.
19/09/2024 10:12:01  INFO [main] ApiRest : Obtendo as propriedades de configuração...
19/09/2024 10:12:01  INFO [main] ApiRest : Propriedades de configuração carregadas com sucesso.
19/09/2024 10:12:01  INFO [main] ApiRest : Obtendo as propriedades de configuração...
19/09/2024 10:12:01  INFO [main] ApiRest : Propriedades de configuração carregadas com sucesso.
19/09/2024 10:12:03  INFO [main] PostRequest : calling the post method with params: url=https://portal-ec-arv-auth.hml.alelo-cloud.com/api/auth/token, body={password=TQK9d8Ye26, userName=75541830010}
19/09/2024 10:12:03  INFO [main] AuthenticationDefaultController : erro ao obter type do token: java.lang.NullPointerException: Cannot invoke "String.toString()" because the return value of "model.authentication.AuthenticationDefault.getAccessToken()" is null
19/09/2024 10:12:03  INFO [main] AuthenticationDefaultController : null
19/09/2024 10:13:01  INFO [main] ApiRest : Obtendo as propriedades de configuração...
19/09/2024 10:13:01  INFO [main] ApiRest : Propriedades de configuração carregadas com sucesso.
19/09/2024 10:13:01  INFO [main] ApiRest : Obtendo as propriedades de configuração...
19/09/2024 10:13:01  INFO [main] ApiRest : Propriedades de configuração carregadas com sucesso.
19/09/2024 10:13:01  INFO [main] ApiRest : Obtendo as propriedades de configuração...
19/09/2024 10:13:01  INFO [main] ApiRest : Propriedades de configuração carregadas com sucesso.
19/09/2024 10:13:01  INFO [main] ApiRest : Obtendo as propriedades de configuração...
19/09/2024 10:13:01  INFO [main] ApiRest : Propriedades de configuração carregadas com sucesso.
19/09/2024 10:13:01  INFO [main] ApiRest : Obtendo as propriedades de configuração...
19/09/2024 10:13:01  INFO [main] ApiRest : Propriedades de configuração carregadas com sucesso.
19/09/2024 10:13:01  INFO [main] ApiRest : Obtendo as propriedades de configuração...
19/09/2024 10:13:01  INFO [main] ApiRest : Propriedades de configuração carregadas com sucesso.
19/09/2024 10:13:01  INFO [main] ApiRest : Obtendo as propriedades de configuração...
19/09/2024 10:13:01  INFO [main] ApiRest : Propriedades de configuração carregadas com sucesso.
19/09/2024 10:13:04  INFO [main] PostRequest : calling the post method with params: url=https://portal-ec-arv-auth.hml.alelo-cloud.com/api/auth/token, body={password=TQK9d8Ye26, username=75541830010}
19/09/2024 10:13:05  INFO [main] AuthenticationDefaultController : obtendo type e token de acesso: Bearer eyJhbGciOiJIUzUxMiJ9.eyJzdWIiOiI3NTU0MTgzMDAxMCIsImlhdCI6MTcyNjc1MTU4NCwiZXhwIjoxNzI2Nzk4Mzg0LCJ1c2VybmFtZSI6Ijc1NTQxODMwMDEwIiwiZmlyc3ROYW1lIjoiU2VydmljZV9PcGVyYWRvciAiLCJsYXN0TmFtZSI6IlZlbmRhIEFSViIsInByb2ZpbGUiOiJPcGVyYWRvciBWZW5kYSBBUlYiLCJyb2xlcyI6WyJGMzBEIiwiRjI4UiIsIkYzMFUiLCJGMjhDIiwiRjI5UiIsIkYzMEMiLCJGMDFSIiwiRjAyUiIsIkYwM1IiLCJGMDRSIiwiRjA1UiIsIkYwNkMiLCJGMDZSIiwiRjA3UiIsIkYwOVIiLCJGMTBSIiwiRjExQyIsIkYxMVIiLCJGMTJDIiwiRjEyUiIsIkYxMlUiLCJGMTNDIiwiRjEzUiIsIkYxNFIiLCJGMTVSIiwiRjE3QyIsIkYxN1IiLCJGMThSIiwiRjIwUiIsIkYyN1IiLCJGMjRSIiwiRjMwUiIsIkYyNEMiLCJGMzNSIl0sInVzZXJJZCI6MTI3ODF9.PHWdCCfPez2W7wPFyOBTP6ArS4rxgtdoNRhTQXOmFAcbiZxs6hw3RmCt5ELAEjuwG59jtUUKL_JtJVn4yvfBSg
19/09/2024 10:13:05  INFO [main] AuthenticationDefaultController : Bearer eyJhbGciOiJIUzUxMiJ9.eyJzdWIiOiI3NTU0MTgzMDAxMCIsImlhdCI6MTcyNjc1MTU4NCwiZXhwIjoxNzI2Nzk4Mzg0LCJ1c2VybmFtZSI6Ijc1NTQxODMwMDEwIiwiZmlyc3ROYW1lIjoiU2VydmljZV9PcGVyYWRvciAiLCJsYXN0TmFtZSI6IlZlbmRhIEFSViIsInByb2ZpbGUiOiJPcGVyYWRvciBWZW5kYSBBUlYiLCJyb2xlcyI6WyJGMzBEIiwiRjI4UiIsIkYzMFUiLCJGMjhDIiwiRjI5UiIsIkYzMEMiLCJGMDFSIiwiRjAyUiIsIkYwM1IiLCJGMDRSIiwiRjA1UiIsIkYwNkMiLCJGMDZSIiwiRjA3UiIsIkYwOVIiLCJGMTBSIiwiRjExQyIsIkYxMVIiLCJGMTJDIiwiRjEyUiIsIkYxMlUiLCJGMTNDIiwiRjEzUiIsIkYxNFIiLCJGMTVSIiwiRjE3QyIsIkYxN1IiLCJGMThSIiwiRjIwUiIsIkYyN1IiLCJGMjRSIiwiRjMwUiIsIkYyNEMiLCJGMzNSIl0sInVzZXJJZCI6MTI3ODF9.PHWdCCfPez2W7wPFyOBTP6ArS4rxgtdoNRhTQXOmFAcbiZxs6hw3RmCt5ELAEjuwG59jtUUKL_JtJVn4yvfBSg
19/09/2024 11:44:16  INFO [main] ApiRest : Obtendo as propriedades de configuração...
19/09/2024 11:44:16  INFO [main] ApiRest : Propriedades de configuração carregadas com sucesso.
19/09/2024 11:44:16  INFO [main] ApiRest : Obtendo as propriedades de configuração...
19/09/2024 11:44:16  INFO [main] ApiRest : Propriedades de configuração carregadas com sucesso.
19/09/2024 11:44:16  INFO [main] ApiRest : Obtendo as propriedades de configuração...
19/09/2024 11:44:16  INFO [main] ApiRest : Propriedades de configuração carregadas com sucesso.
19/09/2024 11:44:16  INFO [main] ApiRest : Obtendo as propriedades de configuração...
19/09/2024 11:44:16  INFO [main] ApiRest : Propriedades de configuração carregadas com sucesso.
19/09/2024 11:44:16  INFO [main] ApiRest : Obtendo as propriedades de configuração...
19/09/2024 11:44:16  INFO [main] ApiRest : Propriedades de configuração carregadas com sucesso.
19/09/2024 11:44:16  INFO [main] ApiRest : Obtendo as propriedades de configuração...
19/09/2024 11:44:16  INFO [main] ApiRest : Propriedades de configuração carregadas com sucesso.
19/09/2024 11:44:16  INFO [main] ApiRest : Obtendo as propriedades de configuração...
19/09/2024 11:44:16  INFO [main] ApiRest : Propriedades de configuração carregadas com sucesso.
19/09/2024 11:44:19  INFO [main] PostRequest : calling the post method with params: url=https://portal-ec-arv-auth.hml.alelo-cloud.com/api/auth/token, body={password=TQK9d8Ye26, userame=75541830010}
19/09/2024 11:44:19  INFO [main] AuthenticationDefaultController : erro ao obter type do token: java.lang.NullPointerException: Cannot invoke "String.toString()" because the return value of "model.authentication.AuthenticationDefault.getAccessToken()" is null
19/09/2024 11:44:19  INFO [main] AuthenticationDefaultController : null
19/09/2024 11:49:34  INFO [main] ApiRest : Obtendo as propriedades de configuração...
19/09/2024 11:49:34  INFO [main] ApiRest : Propriedades de configuração carregadas com sucesso.
19/09/2024 11:49:34  INFO [main] ApiRest : Obtendo as propriedades de configuração...
19/09/2024 11:49:34  INFO [main] ApiRest : Propriedades de configuração carregadas com sucesso.
19/09/2024 11:49:34  INFO [main] ApiRest : Obtendo as propriedades de configuração...
19/09/2024 11:49:34  INFO [main] ApiRest : Propriedades de configuração carregadas com sucesso.
19/09/2024 11:49:34  INFO [main] ApiRest : Obtendo as propriedades de configuração...
19/09/2024 11:49:34  INFO [main] ApiRest : Propriedades de configuração carregadas com sucesso.
19/09/2024 11:49:34  INFO [main] ApiRest : Obtendo as propriedades de configuração...
19/09/2024 11:49:34  INFO [main] ApiRest : Propriedades de configuração carregadas com sucesso.
19/09/2024 11:49:34  INFO [main] ApiRest : Obtendo as propriedades de configuração...
19/09/2024 11:49:34  INFO [main] ApiRest : Propriedades de configuração carregadas com sucesso.
19/09/2024 11:49:34  INFO [main] ApiRest : Obtendo as propriedades de configuração...
19/09/2024 11:49:34  INFO [main] ApiRest : Propriedades de configuração carregadas com sucesso.
19/09/2024 11:49:37  INFO [main] PostRequest : calling the post method with params: url=https://portal-ec-arv-auth.hml.alelo-cloud.com/api/auth/token, body={password=TQK9d8Ye26, userame=75541830010}
19/09/2024 11:49:37  INFO [main] AuthenticationDefaultController : erro ao obter type do token: java.lang.NullPointerException: Cannot invoke "String.toString()" because the return value of "model.authentication.AuthenticationDefault.getAccessToken()" is null
19/09/2024 11:49:37  INFO [main] AuthenticationDefaultController : null
19/09/2024 11:49:45  INFO [main] ApiRest : Obtendo as propriedades de configuração...
19/09/2024 11:49:45  INFO [main] ApiRest : Propriedades de configuração carregadas com sucesso.
19/09/2024 11:49:45  INFO [main] ApiRest : Obtendo as propriedades de configuração...
19/09/2024 11:49:45  INFO [main] ApiRest : Propriedades de configuração carregadas com sucesso.
19/09/2024 11:49:45  INFO [main] ApiRest : Obtendo as propriedades de configuração...
19/09/2024 11:49:45  INFO [main] ApiRest : Propriedades de configuração carregadas com sucesso.
19/09/2024 11:49:45  INFO [main] ApiRest : Obtendo as propriedades de configuração...
19/09/2024 11:49:45  INFO [main] ApiRest : Propriedades de configuração carregadas com sucesso.
19/09/2024 11:49:45  INFO [main] ApiRest : Obtendo as propriedades de configuração...
19/09/2024 11:49:45  INFO [main] ApiRest : Propriedades de configuração carregadas com sucesso.
19/09/2024 11:49:45  INFO [main] ApiRest : Obtendo as propriedades de configuração...
19/09/2024 11:49:45  INFO [main] ApiRest : Propriedades de configuração carregadas com sucesso.
19/09/2024 11:49:45  INFO [main] ApiRest : Obtendo as propriedades de configuração...
19/09/2024 11:49:45  INFO [main] ApiRest : Propriedades de configuração carregadas com sucesso.
19/09/2024 11:49:47  INFO [main] PostRequest : calling the post method with params: url=https://portal-ec-arv-auth.hml.alelo-cloud.com/api/auth/token, body={password=TQK9d8Ye26, username=75541830010}
19/09/2024 11:49:47  INFO [main] AuthenticationDefaultController : obtendo type e token de acesso: Bearer eyJhbGciOiJIUzUxMiJ9.eyJzdWIiOiI3NTU0MTgzMDAxMCIsImlhdCI6MTcyNjc1NzM4NywiZXhwIjoxNzI2ODA0MTg3LCJ1c2VybmFtZSI6Ijc1NTQxODMwMDEwIiwiZmlyc3ROYW1lIjoiU2VydmljZV9PcGVyYWRvciAiLCJsYXN0TmFtZSI6IlZlbmRhIEFSViIsInByb2ZpbGUiOiJPcGVyYWRvciBWZW5kYSBBUlYiLCJyb2xlcyI6WyJGMzBEIiwiRjI4UiIsIkYzMFUiLCJGMjhDIiwiRjI5UiIsIkYzMEMiLCJGMDFSIiwiRjAyUiIsIkYwM1IiLCJGMDRSIiwiRjA1UiIsIkYwNkMiLCJGMDZSIiwiRjA3UiIsIkYwOVIiLCJGMTBSIiwiRjExQyIsIkYxMVIiLCJGMTJDIiwiRjEyUiIsIkYxMlUiLCJGMTNDIiwiRjEzUiIsIkYxNFIiLCJGMTVSIiwiRjE3QyIsIkYxN1IiLCJGMThSIiwiRjIwUiIsIkYyN1IiLCJGMjRSIiwiRjMwUiIsIkYyNEMiLCJGMzNSIl0sInVzZXJJZCI6MTI3ODF9.KgW4IK9Ki10hvNC9C6cCXEETQVHuXbmvH7SkakjLfUbhf_zqH1ET_HJDEdQDd9aSNjjZTESr3MTd2_ouujrQ1w
19/09/2024 11:49:47  INFO [main] AuthenticationDefaultController : Bearer eyJhbGciOiJIUzUxMiJ9.eyJzdWIiOiI3NTU0MTgzMDAxMCIsImlhdCI6MTcyNjc1NzM4NywiZXhwIjoxNzI2ODA0MTg3LCJ1c2VybmFtZSI6Ijc1NTQxODMwMDEwIiwiZmlyc3ROYW1lIjoiU2VydmljZV9PcGVyYWRvciAiLCJsYXN0TmFtZSI6IlZlbmRhIEFSViIsInByb2ZpbGUiOiJPcGVyYWRvciBWZW5kYSBBUlYiLCJyb2xlcyI6WyJGMzBEIiwiRjI4UiIsIkYzMFUiLCJGMjhDIiwiRjI5UiIsIkYzMEMiLCJGMDFSIiwiRjAyUiIsIkYwM1IiLCJGMDRSIiwiRjA1UiIsIkYwNkMiLCJGMDZSIiwiRjA3UiIsIkYwOVIiLCJGMTBSIiwiRjExQyIsIkYxMVIiLCJGMTJDIiwiRjEyUiIsIkYxMlUiLCJGMTNDIiwiRjEzUiIsIkYxNFIiLCJGMTVSIiwiRjE3QyIsIkYxN1IiLCJGMThSIiwiRjIwUiIsIkYyN1IiLCJGMjRSIiwiRjMwUiIsIkYyNEMiLCJGMzNSIl0sInVzZXJJZCI6MTI3ODF9.KgW4IK9Ki10hvNC9C6cCXEETQVHuXbmvH7SkakjLfUbhf_zqH1ET_HJDEdQDd9aSNjjZTESr3MTd2_ouujrQ1w
19/09/2024 11:50:50  INFO [main] ApiRest : Obtendo as propriedades de configuração...
19/09/2024 11:50:50  INFO [main] ApiRest : Propriedades de configuração carregadas com sucesso.
19/09/2024 11:50:50  INFO [main] ApiRest : Obtendo as propriedades de configuração...
19/09/2024 11:50:50  INFO [main] ApiRest : Propriedades de configuração carregadas com sucesso.
19/09/2024 11:50:50  INFO [main] ApiRest : Obtendo as propriedades de configuração...
19/09/2024 11:50:50  INFO [main] ApiRest : Propriedades de configuração carregadas com sucesso.
19/09/2024 11:50:50  INFO [main] ApiRest : Obtendo as propriedades de configuração...
19/09/2024 11:50:50  INFO [main] ApiRest : Propriedades de configuração carregadas com sucesso.
19/09/2024 11:50:50  INFO [main] ApiRest : Obtendo as propriedades de configuração...
19/09/2024 11:50:50  INFO [main] ApiRest : Propriedades de configuração carregadas com sucesso.
19/09/2024 11:50:50  INFO [main] ApiRest : Obtendo as propriedades de configuração...
19/09/2024 11:50:50  INFO [main] ApiRest : Propriedades de configuração carregadas com sucesso.
19/09/2024 11:50:50  INFO [main] ApiRest : Obtendo as propriedades de configuração...
19/09/2024 11:50:50  INFO [main] ApiRest : Propriedades de configuração carregadas com sucesso.
19/09/2024 11:50:53  INFO [main] PostRequest : calling the post method with params: url=https://portal-ec-arv-auth.hml.alelo-cloud.com/api/auth/token, body={password=TQK9d8Ye26, username=75541830010}
19/09/2024 11:50:53  INFO [main] AuthenticationDefaultController : obtendo type e token de acesso: Bearer eyJhbGciOiJIUzUxMiJ9.eyJzdWIiOiI3NTU0MTgzMDAxMCIsImlhdCI6MTcyNjc1NzQ1MiwiZXhwIjoxNzI2ODA0MjUyLCJ1c2VybmFtZSI6Ijc1NTQxODMwMDEwIiwiZmlyc3ROYW1lIjoiU2VydmljZV9PcGVyYWRvciAiLCJsYXN0TmFtZSI6IlZlbmRhIEFSViIsInByb2ZpbGUiOiJPcGVyYWRvciBWZW5kYSBBUlYiLCJyb2xlcyI6WyJGMzBEIiwiRjI4UiIsIkYzMFUiLCJGMjhDIiwiRjI5UiIsIkYzMEMiLCJGMDFSIiwiRjAyUiIsIkYwM1IiLCJGMDRSIiwiRjA1UiIsIkYwNkMiLCJGMDZSIiwiRjA3UiIsIkYwOVIiLCJGMTBSIiwiRjExQyIsIkYxMVIiLCJGMTJDIiwiRjEyUiIsIkYxMlUiLCJGMTNDIiwiRjEzUiIsIkYxNFIiLCJGMTVSIiwiRjE3QyIsIkYxN1IiLCJGMThSIiwiRjIwUiIsIkYyN1IiLCJGMjRSIiwiRjMwUiIsIkYyNEMiLCJGMzNSIl0sInVzZXJJZCI6MTI3ODF9.JlI5miA2wwE7PgsKtWiSW1R8JOx5jJIGGYKYkDt7k0uXNxpGCbUKIARK1JLYZmhGziZc62YvkkkHF4AIzznHpg
19/09/2024 11:50:53  INFO [main] AuthenticationDefaultController : Bearer eyJhbGciOiJIUzUxMiJ9.eyJzdWIiOiI3NTU0MTgzMDAxMCIsImlhdCI6MTcyNjc1NzQ1MiwiZXhwIjoxNzI2ODA0MjUyLCJ1c2VybmFtZSI6Ijc1NTQxODMwMDEwIiwiZmlyc3ROYW1lIjoiU2VydmljZV9PcGVyYWRvciAiLCJsYXN0TmFtZSI6IlZlbmRhIEFSViIsInByb2ZpbGUiOiJPcGVyYWRvciBWZW5kYSBBUlYiLCJyb2xlcyI6WyJGMzBEIiwiRjI4UiIsIkYzMFUiLCJGMjhDIiwiRjI5UiIsIkYzMEMiLCJGMDFSIiwiRjAyUiIsIkYwM1IiLCJGMDRSIiwiRjA1UiIsIkYwNkMiLCJGMDZSIiwiRjA3UiIsIkYwOVIiLCJGMTBSIiwiRjExQyIsIkYxMVIiLCJGMTJDIiwiRjEyUiIsIkYxMlUiLCJGMTNDIiwiRjEzUiIsIkYxNFIiLCJGMTVSIiwiRjE3QyIsIkYxN1IiLCJGMThSIiwiRjIwUiIsIkYyN1IiLCJGMjRSIiwiRjMwUiIsIkYyNEMiLCJGMzNSIl0sInVzZXJJZCI6MTI3ODF9.JlI5miA2wwE7PgsKtWiSW1R8JOx5jJIGGYKYkDt7k0uXNxpGCbUKIARK1JLYZmhGziZc62YvkkkHF4AIzznHpg
19/09/2024 11:52:52  INFO [main] ApiRest : Obtendo as propriedades de configuração...
19/09/2024 11:52:52  INFO [main] ApiRest : Propriedades de configuração carregadas com sucesso.
19/09/2024 11:52:52  INFO [main] ApiRest : Obtendo as propriedades de configuração...
19/09/2024 11:52:52  INFO [main] ApiRest : Propriedades de configuração carregadas com sucesso.
19/09/2024 11:52:52  INFO [main] ApiRest : Obtendo as propriedades de configuração...
19/09/2024 11:52:52  INFO [main] ApiRest : Propriedades de configuração carregadas com sucesso.
19/09/2024 11:52:52  INFO [main] ApiRest : Obtendo as propriedades de configuração...
19/09/2024 11:52:52  INFO [main] ApiRest : Propriedades de configuração carregadas com sucesso.
19/09/2024 11:52:52  INFO [main] ApiRest : Obtendo as propriedades de configuração...
19/09/2024 11:52:52  INFO [main] ApiRest : Propriedades de configuração carregadas com sucesso.
19/09/2024 11:52:52  INFO [main] ApiRest : Obtendo as propriedades de configuração...
19/09/2024 11:52:52  INFO [main] ApiRest : Propriedades de configuração carregadas com sucesso.
19/09/2024 11:52:52  INFO [main] ApiRest : Obtendo as propriedades de configuração...
19/09/2024 11:52:52  INFO [main] ApiRest : Propriedades de configuração carregadas com sucesso.
19/09/2024 11:52:55  INFO [main] PostRequest : calling the post method with params: url=https://portal-ec-arv-auth.hml.alelo-cloud.com/api/auth/token, body={password=TQK9d8Ye26, username=75541830010}
19/09/2024 11:52:55  INFO [main] AuthenticationDefaultController : obtendo type e token de acesso: Bearer eyJhbGciOiJIUzUxMiJ9.eyJzdWIiOiI3NTU0MTgzMDAxMCIsImlhdCI6MTcyNjc1NzU3NSwiZXhwIjoxNzI2ODA0Mzc1LCJ1c2VybmFtZSI6Ijc1NTQxODMwMDEwIiwiZmlyc3ROYW1lIjoiU2VydmljZV9PcGVyYWRvciAiLCJsYXN0TmFtZSI6IlZlbmRhIEFSViIsInByb2ZpbGUiOiJPcGVyYWRvciBWZW5kYSBBUlYiLCJyb2xlcyI6WyJGMzBEIiwiRjI4UiIsIkYzMFUiLCJGMjhDIiwiRjI5UiIsIkYzMEMiLCJGMDFSIiwiRjAyUiIsIkYwM1IiLCJGMDRSIiwiRjA1UiIsIkYwNkMiLCJGMDZSIiwiRjA3UiIsIkYwOVIiLCJGMTBSIiwiRjExQyIsIkYxMVIiLCJGMTJDIiwiRjEyUiIsIkYxMlUiLCJGMTNDIiwiRjEzUiIsIkYxNFIiLCJGMTVSIiwiRjE3QyIsIkYxN1IiLCJGMThSIiwiRjIwUiIsIkYyN1IiLCJGMjRSIiwiRjMwUiIsIkYyNEMiLCJGMzNSIl0sInVzZXJJZCI6MTI3ODF9.bd0aUG8I4Nnb2CJgCF3NIh_VLgjjo4IqJy1hPMDKF8hpsf4zaAOtm_aVZWVi0Jv1B5ienERtdO5W02IPs-bVAg
19/09/2024 11:52:55  INFO [main] AuthenticationDefaultController : Bearer eyJhbGciOiJIUzUxMiJ9.eyJzdWIiOiI3NTU0MTgzMDAxMCIsImlhdCI6MTcyNjc1NzU3NSwiZXhwIjoxNzI2ODA0Mzc1LCJ1c2VybmFtZSI6Ijc1NTQxODMwMDEwIiwiZmlyc3ROYW1lIjoiU2VydmljZV9PcGVyYWRvciAiLCJsYXN0TmFtZSI6IlZlbmRhIEFSViIsInByb2ZpbGUiOiJPcGVyYWRvciBWZW5kYSBBUlYiLCJyb2xlcyI6WyJGMzBEIiwiRjI4UiIsIkYzMFUiLCJGMjhDIiwiRjI5UiIsIkYzMEMiLCJGMDFSIiwiRjAyUiIsIkYwM1IiLCJGMDRSIiwiRjA1UiIsIkYwNkMiLCJGMDZSIiwiRjA3UiIsIkYwOVIiLCJGMTBSIiwiRjExQyIsIkYxMVIiLCJGMTJDIiwiRjEyUiIsIkYxMlUiLCJGMTNDIiwiRjEzUiIsIkYxNFIiLCJGMTVSIiwiRjE3QyIsIkYxN1IiLCJGMThSIiwiRjIwUiIsIkYyN1IiLCJGMjRSIiwiRjMwUiIsIkYyNEMiLCJGMzNSIl0sInVzZXJJZCI6MTI3ODF9.bd0aUG8I4Nnb2CJgCF3NIh_VLgjjo4IqJy1hPMDKF8hpsf4zaAOtm_aVZWVi0Jv1B5ienERtdO5W02IPs-bVAg
19/09/2024 11:55:35  INFO [main] ApiRest : Obtendo as propriedades de configuração...
19/09/2024 11:55:35  INFO [main] ApiRest : Propriedades de configuração carregadas com sucesso.
19/09/2024 11:55:35  INFO [main] ApiRest : Obtendo as propriedades de configuração...
19/09/2024 11:55:35  INFO [main] ApiRest : Propriedades de configuração carregadas com sucesso.
19/09/2024 11:55:35  INFO [main] ApiRest : Obtendo as propriedades de configuração...
19/09/2024 11:55:35  INFO [main] ApiRest : Propriedades de configuração carregadas com sucesso.
19/09/2024 11:55:35  INFO [main] ApiRest : Obtendo as propriedades de configuração...
19/09/2024 11:55:35  INFO [main] ApiRest : Propriedades de configuração carregadas com sucesso.
19/09/2024 11:55:35  INFO [main] ApiRest : Obtendo as propriedades de configuração...
19/09/2024 11:55:35  INFO [main] ApiRest : Propriedades de configuração carregadas com sucesso.
19/09/2024 11:55:35  INFO [main] ApiRest : Obtendo as propriedades de configuração...
19/09/2024 11:55:35  INFO [main] ApiRest : Propriedades de configuração carregadas com sucesso.
19/09/2024 11:55:35  INFO [main] ApiRest : Obtendo as propriedades de configuração...
19/09/2024 11:55:35  INFO [main] ApiRest : Propriedades de configuração carregadas com sucesso.
19/09/2024 11:55:38  INFO [main] PostRequest : calling the post method with params: url=https://portal-ec-arv-auth.hml.alelo-cloud.com/api/auth/token, body={password=TQK9d8Ye26, username=75541830010}
19/09/2024 11:55:38  INFO [main] AuthenticationDefaultController : obtendo type e token de acesso: Bearer your-access-token-for-hml
19/09/2024 11:55:38  INFO [main] AuthenticationDefaultController : Bearer your-access-token-for-hml
19/09/2024 11:56:07  INFO [main] ApiRest : Obtendo as propriedades de configuração...
19/09/2024 11:56:07  INFO [main] ApiRest : Propriedades de configuração carregadas com sucesso.
19/09/2024 11:56:07  INFO [main] ApiRest : Obtendo as propriedades de configuração...
19/09/2024 11:56:07  INFO [main] ApiRest : Propriedades de configuração carregadas com sucesso.
19/09/2024 11:56:07  INFO [main] ApiRest : Obtendo as propriedades de configuração...
19/09/2024 11:56:07  INFO [main] ApiRest : Propriedades de configuração carregadas com sucesso.
19/09/2024 11:56:07  INFO [main] ApiRest : Obtendo as propriedades de configuração...
19/09/2024 11:56:07  INFO [main] ApiRest : Propriedades de configuração carregadas com sucesso.
19/09/2024 11:56:07  INFO [main] ApiRest : Obtendo as propriedades de configuração...
19/09/2024 11:56:07  INFO [main] ApiRest : Propriedades de configuração carregadas com sucesso.
19/09/2024 11:56:07  INFO [main] ApiRest : Obtendo as propriedades de configuração...
19/09/2024 11:56:07  INFO [main] ApiRest : Propriedades de configuração carregadas com sucesso.
19/09/2024 11:56:07  INFO [main] ApiRest : Obtendo as propriedades de configuração...
19/09/2024 11:56:07  INFO [main] ApiRest : Propriedades de configuração carregadas com sucesso.
19/09/2024 11:56:09  INFO [main] PostRequest : calling the post method with params: url=https://portal-ec-arv-auth.hml.alelo-cloud.com/api/auth/token, body={password=TQK9d8Ye26, username=75541830010}
19/09/2024 11:56:10  INFO [main] AuthenticationDefaultController : obtendo type e token de acesso:  eyJhbGciOiJIUzUxMiJ9.eyJzdWIiOiI3NTU0MTgzMDAxMCIsImlhdCI6MTcyNjc1Nzc2OSwiZXhwIjoxNzI2ODA0NTY5LCJ1c2VybmFtZSI6Ijc1NTQxODMwMDEwIiwiZmlyc3ROYW1lIjoiU2VydmljZV9PcGVyYWRvciAiLCJsYXN0TmFtZSI6IlZlbmRhIEFSViIsInByb2ZpbGUiOiJPcGVyYWRvciBWZW5kYSBBUlYiLCJyb2xlcyI6WyJGMzBEIiwiRjI4UiIsIkYzMFUiLCJGMjhDIiwiRjI5UiIsIkYzMEMiLCJGMDFSIiwiRjAyUiIsIkYwM1IiLCJGMDRSIiwiRjA1UiIsIkYwNkMiLCJGMDZSIiwiRjA3UiIsIkYwOVIiLCJGMTBSIiwiRjExQyIsIkYxMVIiLCJGMTJDIiwiRjEyUiIsIkYxMlUiLCJGMTNDIiwiRjEzUiIsIkYxNFIiLCJGMTVSIiwiRjE3QyIsIkYxN1IiLCJGMThSIiwiRjIwUiIsIkYyN1IiLCJGMjRSIiwiRjMwUiIsIkYyNEMiLCJGMzNSIl0sInVzZXJJZCI6MTI3ODF9.e_iomGWrXVzepwK4BhG7jTsriOJS263Sfot24XBxmR9L0I5neXL17aqm6MdrNOooBlqPIL2IeXz6DE1YY92qNQ
19/09/2024 11:56:10  INFO [main] AuthenticationDefaultController :  eyJhbGciOiJIUzUxMiJ9.eyJzdWIiOiI3NTU0MTgzMDAxMCIsImlhdCI6MTcyNjc1Nzc2OSwiZXhwIjoxNzI2ODA0NTY5LCJ1c2VybmFtZSI6Ijc1NTQxODMwMDEwIiwiZmlyc3ROYW1lIjoiU2VydmljZV9PcGVyYWRvciAiLCJsYXN0TmFtZSI6IlZlbmRhIEFSViIsInByb2ZpbGUiOiJPcGVyYWRvciBWZW5kYSBBUlYiLCJyb2xlcyI6WyJGMzBEIiwiRjI4UiIsIkYzMFUiLCJGMjhDIiwiRjI5UiIsIkYzMEMiLCJGMDFSIiwiRjAyUiIsIkYwM1IiLCJGMDRSIiwiRjA1UiIsIkYwNkMiLCJGMDZSIiwiRjA3UiIsIkYwOVIiLCJGMTBSIiwiRjExQyIsIkYxMVIiLCJGMTJDIiwiRjEyUiIsIkYxMlUiLCJGMTNDIiwiRjEzUiIsIkYxNFIiLCJGMTVSIiwiRjE3QyIsIkYxN1IiLCJGMThSIiwiRjIwUiIsIkYyN1IiLCJGMjRSIiwiRjMwUiIsIkYyNEMiLCJGMzNSIl0sInVzZXJJZCI6MTI3ODF9.e_iomGWrXVzepwK4BhG7jTsriOJS263Sfot24XBxmR9L0I5neXL17aqm6MdrNOooBlqPIL2IeXz6DE1YY92qNQ
19/09/2024 12:08:22  INFO [main] ApiRest : Obtendo as propriedades de configuração...
19/09/2024 12:08:22  INFO [main] ApiRest : Propriedades de configuração carregadas com sucesso.
19/09/2024 12:08:22  INFO [main] ApiRest : Obtendo as propriedades de configuração...
19/09/2024 12:08:22  INFO [main] ApiRest : Propriedades de configuração carregadas com sucesso.
19/09/2024 12:08:22  INFO [main] ApiRest : Obtendo as propriedades de configuração...
19/09/2024 12:08:22  INFO [main] ApiRest : Propriedades de configuração carregadas com sucesso.
19/09/2024 12:08:22  INFO [main] ApiRest : Obtendo as propriedades de configuração...
19/09/2024 12:08:22  INFO [main] ApiRest : Propriedades de configuração carregadas com sucesso.
19/09/2024 12:08:22  INFO [main] ApiRest : Obtendo as propriedades de configuração...
19/09/2024 12:08:22  INFO [main] ApiRest : Propriedades de configuração carregadas com sucesso.
19/09/2024 12:08:22  INFO [main] ApiRest : Obtendo as propriedades de configuração...
19/09/2024 12:08:22  INFO [main] ApiRest : Propriedades de configuração carregadas com sucesso.
19/09/2024 12:08:22  INFO [main] ApiRest : Obtendo as propriedades de configuração...
19/09/2024 12:08:22  INFO [main] ApiRest : Propriedades de configuração carregadas com sucesso.
19/09/2024 12:08:25  INFO [main] PostRequest : calling the post method with params: url=https://portal-ec-arv-auth.hml.alelo-cloud.com/api/auth/token, body={password=TQK9d8Ye26, username=75541830010}
19/09/2024 12:08:25  INFO [main] AuthenticationDefaultController : obtendo type e token de acesso: Bearer your-access-token-for-hml
19/09/2024 12:08:25  INFO [main] AuthenticationDefaultController : Bearer your-access-token-for-hml
19/09/2024 12:09:30  INFO [main] ApiRest : Obtendo as propriedades de configuração...
19/09/2024 12:09:30  INFO [main] ApiRest : Propriedades de configuração carregadas com sucesso.
19/09/2024 12:09:30  INFO [main] ApiRest : Obtendo as propriedades de configuração...
19/09/2024 12:09:30  INFO [main] ApiRest : Propriedades de configuração carregadas com sucesso.
19/09/2024 12:09:30  INFO [main] ApiRest : Obtendo as propriedades de configuração...
19/09/2024 12:09:30  INFO [main] ApiRest : Propriedades de configuração carregadas com sucesso.
19/09/2024 12:09:30  INFO [main] ApiRest : Obtendo as propriedades de configuração...
19/09/2024 12:09:30  INFO [main] ApiRest : Propriedades de configuração carregadas com sucesso.
19/09/2024 12:09:30  INFO [main] ApiRest : Obtendo as propriedades de configuração...
19/09/2024 12:09:30  INFO [main] ApiRest : Propriedades de configuração carregadas com sucesso.
19/09/2024 12:09:30  INFO [main] ApiRest : Obtendo as propriedades de configuração...
19/09/2024 12:09:30  INFO [main] ApiRest : Propriedades de configuração carregadas com sucesso.
19/09/2024 12:09:30  INFO [main] ApiRest : Obtendo as propriedades de configuração...
19/09/2024 12:09:30  INFO [main] ApiRest : Propriedades de configuração carregadas com sucesso.
19/09/2024 12:09:33  INFO [main] PostRequest : calling the post method with params: url=https://portal-ec-arv-auth.hml.alelo-cloud.com/api/auth/token, body={password=TQK9d8Ye26, username=75541830010}
19/09/2024 12:09:33  INFO [main] AuthenticationDefaultController : obtendo type e token de acesso:  eyJhbGciOiJIUzUxMiJ9.eyJzdWIiOiI3NTU0MTgzMDAxMCIsImlhdCI6MTcyNjc1ODU3MywiZXhwIjoxNzI2ODA1MzczLCJ1c2VybmFtZSI6Ijc1NTQxODMwMDEwIiwiZmlyc3ROYW1lIjoiU2VydmljZV9PcGVyYWRvciAiLCJsYXN0TmFtZSI6IlZlbmRhIEFSViIsInByb2ZpbGUiOiJPcGVyYWRvciBWZW5kYSBBUlYiLCJyb2xlcyI6WyJGMzBEIiwiRjI4UiIsIkYzMFUiLCJGMjhDIiwiRjI5UiIsIkYzMEMiLCJGMDFSIiwiRjAyUiIsIkYwM1IiLCJGMDRSIiwiRjA1UiIsIkYwNkMiLCJGMDZSIiwiRjA3UiIsIkYwOVIiLCJGMTBSIiwiRjExQyIsIkYxMVIiLCJGMTJDIiwiRjEyUiIsIkYxMlUiLCJGMTNDIiwiRjEzUiIsIkYxNFIiLCJGMTVSIiwiRjE3QyIsIkYxN1IiLCJGMThSIiwiRjIwUiIsIkYyN1IiLCJGMjRSIiwiRjMwUiIsIkYyNEMiLCJGMzNSIl0sInVzZXJJZCI6MTI3ODF9.jGlVXXtSzHODPFwJXtYMr9kz8V5D0VYzfLBnL_xd4V6ADMrNd_uEEmn6BC0I_gO29EP8rsqEpI8XgT3FqLfLBQ
19/09/2024 12:09:33  INFO [main] AuthenticationDefaultController :  eyJhbGciOiJIUzUxMiJ9.eyJzdWIiOiI3NTU0MTgzMDAxMCIsImlhdCI6MTcyNjc1ODU3MywiZXhwIjoxNzI2ODA1MzczLCJ1c2VybmFtZSI6Ijc1NTQxODMwMDEwIiwiZmlyc3ROYW1lIjoiU2VydmljZV9PcGVyYWRvciAiLCJsYXN0TmFtZSI6IlZlbmRhIEFSViIsInByb2ZpbGUiOiJPcGVyYWRvciBWZW5kYSBBUlYiLCJyb2xlcyI6WyJGMzBEIiwiRjI4UiIsIkYzMFUiLCJGMjhDIiwiRjI5UiIsIkYzMEMiLCJGMDFSIiwiRjAyUiIsIkYwM1IiLCJGMDRSIiwiRjA1UiIsIkYwNkMiLCJGMDZSIiwiRjA3UiIsIkYwOVIiLCJGMTBSIiwiRjExQyIsIkYxMVIiLCJGMTJDIiwiRjEyUiIsIkYxMlUiLCJGMTNDIiwiRjEzUiIsIkYxNFIiLCJGMTVSIiwiRjE3QyIsIkYxN1IiLCJGMThSIiwiRjIwUiIsIkYyN1IiLCJGMjRSIiwiRjMwUiIsIkYyNEMiLCJGMzNSIl0sInVzZXJJZCI6MTI3ODF9.jGlVXXtSzHODPFwJXtYMr9kz8V5D0VYzfLBnL_xd4V6ADMrNd_uEEmn6BC0I_gO29EP8rsqEpI8XgT3FqLfLBQ
19/09/2024 12:11:06  INFO [main] ApiRest : Obtendo as propriedades de configuração...
19/09/2024 12:11:06  INFO [main] ApiRest : Propriedades de configuração carregadas com sucesso.
19/09/2024 12:11:06  INFO [main] ApiRest : Obtendo as propriedades de configuração...
19/09/2024 12:11:06  INFO [main] ApiRest : Propriedades de configuração carregadas com sucesso.
19/09/2024 12:11:06  INFO [main] ApiRest : Obtendo as propriedades de configuração...
19/09/2024 12:11:06  INFO [main] ApiRest : Propriedades de configuração carregadas com sucesso.
19/09/2024 12:11:06  INFO [main] ApiRest : Obtendo as propriedades de configuração...
19/09/2024 12:11:06  INFO [main] ApiRest : Propriedades de configuração carregadas com sucesso.
19/09/2024 12:11:06  INFO [main] ApiRest : Obtendo as propriedades de configuração...
19/09/2024 12:11:06  INFO [main] ApiRest : Propriedades de configuração carregadas com sucesso.
19/09/2024 12:11:06  INFO [main] ApiRest : Obtendo as propriedades de configuração...
19/09/2024 12:11:06  INFO [main] ApiRest : Propriedades de configuração carregadas com sucesso.
19/09/2024 12:11:06  INFO [main] ApiRest : Obtendo as propriedades de configuração...
19/09/2024 12:11:06  INFO [main] ApiRest : Propriedades de configuração carregadas com sucesso.
19/09/2024 12:11:09  INFO [main] PostRequest : calling the post method with params: url=https://portal-ec-arv-auth.hml.alelo-cloud.com/api/auth/token, body={password=TQK9d8Ye26, username=75541830010}
19/09/2024 12:11:09  INFO [main] AuthenticationDefaultController : obtendo type e token de acesso:  eyJhbGciOiJIUzUxMiJ9.eyJzdWIiOiI3NTU0MTgzMDAxMCIsImlhdCI6MTcyNjc1ODY2OSwiZXhwIjoxNzI2ODA1NDY5LCJ1c2VybmFtZSI6Ijc1NTQxODMwMDEwIiwiZmlyc3ROYW1lIjoiU2VydmljZV9PcGVyYWRvciAiLCJsYXN0TmFtZSI6IlZlbmRhIEFSViIsInByb2ZpbGUiOiJPcGVyYWRvciBWZW5kYSBBUlYiLCJyb2xlcyI6WyJGMzBEIiwiRjI4UiIsIkYzMFUiLCJGMjhDIiwiRjI5UiIsIkYzMEMiLCJGMDFSIiwiRjAyUiIsIkYwM1IiLCJGMDRSIiwiRjA1UiIsIkYwNkMiLCJGMDZSIiwiRjA3UiIsIkYwOVIiLCJGMTBSIiwiRjExQyIsIkYxMVIiLCJGMTJDIiwiRjEyUiIsIkYxMlUiLCJGMTNDIiwiRjEzUiIsIkYxNFIiLCJGMTVSIiwiRjE3QyIsIkYxN1IiLCJGMThSIiwiRjIwUiIsIkYyN1IiLCJGMjRSIiwiRjMwUiIsIkYyNEMiLCJGMzNSIl0sInVzZXJJZCI6MTI3ODF9.UM92bK7GhLvj7DrJc5wA3T1fUnDt9y21_JkjDEPt_MmVkyCYIiQLe8nwSYem4vUW_HvzcNvY_zx_l7B0zDyTDA
19/09/2024 12:11:09  INFO [main] AuthenticationDefaultController :  eyJhbGciOiJIUzUxMiJ9.eyJzdWIiOiI3NTU0MTgzMDAxMCIsImlhdCI6MTcyNjc1ODY2OSwiZXhwIjoxNzI2ODA1NDY5LCJ1c2VybmFtZSI6Ijc1NTQxODMwMDEwIiwiZmlyc3ROYW1lIjoiU2VydmljZV9PcGVyYWRvciAiLCJsYXN0TmFtZSI6IlZlbmRhIEFSViIsInByb2ZpbGUiOiJPcGVyYWRvciBWZW5kYSBBUlYiLCJyb2xlcyI6WyJGMzBEIiwiRjI4UiIsIkYzMFUiLCJGMjhDIiwiRjI5UiIsIkYzMEMiLCJGMDFSIiwiRjAyUiIsIkYwM1IiLCJGMDRSIiwiRjA1UiIsIkYwNkMiLCJGMDZSIiwiRjA3UiIsIkYwOVIiLCJGMTBSIiwiRjExQyIsIkYxMVIiLCJGMTJDIiwiRjEyUiIsIkYxMlUiLCJGMTNDIiwiRjEzUiIsIkYxNFIiLCJGMTVSIiwiRjE3QyIsIkYxN1IiLCJGMThSIiwiRjIwUiIsIkYyN1IiLCJGMjRSIiwiRjMwUiIsIkYyNEMiLCJGMzNSIl0sInVzZXJJZCI6MTI3ODF9.UM92bK7GhLvj7DrJc5wA3T1fUnDt9y21_JkjDEPt_MmVkyCYIiQLe8nwSYem4vUW_HvzcNvY_zx_l7B0zDyTDA
19/09/2024 12:11:50  INFO [main] ApiRest : Obtendo as propriedades de configuração...
19/09/2024 12:11:50  INFO [main] ApiRest : Propriedades de configuração carregadas com sucesso.
19/09/2024 12:11:50  INFO [main] ApiRest : Obtendo as propriedades de configuração...
19/09/2024 12:11:50  INFO [main] ApiRest : Propriedades de configuração carregadas com sucesso.
19/09/2024 12:11:50  INFO [main] ApiRest : Obtendo as propriedades de configuração...
19/09/2024 12:11:50  INFO [main] ApiRest : Propriedades de configuração carregadas com sucesso.
19/09/2024 12:11:50  INFO [main] ApiRest : Obtendo as propriedades de configuração...
19/09/2024 12:11:50  INFO [main] ApiRest : Propriedades de configuração carregadas com sucesso.
19/09/2024 12:11:50  INFO [main] ApiRest : Obtendo as propriedades de configuração...
19/09/2024 12:11:50  INFO [main] ApiRest : Propriedades de configuração carregadas com sucesso.
19/09/2024 12:11:50  INFO [main] ApiRest : Obtendo as propriedades de configuração...
19/09/2024 12:11:50  INFO [main] ApiRest : Propriedades de configuração carregadas com sucesso.
19/09/2024 12:11:50  INFO [main] ApiRest : Obtendo as propriedades de configuração...
19/09/2024 12:11:50  INFO [main] ApiRest : Propriedades de configuração carregadas com sucesso.
19/09/2024 12:11:53  INFO [main] PostRequest : calling the post method with params: url=https://portal-ec-arv-auth.hml.alelo-cloud.com/api/auth/token, body={password=TQK9d8Ye26, username=75541830010}
19/09/2024 12:11:53  INFO [main] AuthenticationDefaultController : obtendo type e token de acesso:  eyJhbGciOiJIUzUxMiJ9.eyJzdWIiOiI3NTU0MTgzMDAxMCIsImlhdCI6MTcyNjc1ODcxMywiZXhwIjoxNzI2ODA1NTEzLCJ1c2VybmFtZSI6Ijc1NTQxODMwMDEwIiwiZmlyc3ROYW1lIjoiU2VydmljZV9PcGVyYWRvciAiLCJsYXN0TmFtZSI6IlZlbmRhIEFSViIsInByb2ZpbGUiOiJPcGVyYWRvciBWZW5kYSBBUlYiLCJyb2xlcyI6WyJGMzBEIiwiRjI4UiIsIkYzMFUiLCJGMjhDIiwiRjI5UiIsIkYzMEMiLCJGMDFSIiwiRjAyUiIsIkYwM1IiLCJGMDRSIiwiRjA1UiIsIkYwNkMiLCJGMDZSIiwiRjA3UiIsIkYwOVIiLCJGMTBSIiwiRjExQyIsIkYxMVIiLCJGMTJDIiwiRjEyUiIsIkYxMlUiLCJGMTNDIiwiRjEzUiIsIkYxNFIiLCJGMTVSIiwiRjE3QyIsIkYxN1IiLCJGMThSIiwiRjIwUiIsIkYyN1IiLCJGMjRSIiwiRjMwUiIsIkYyNEMiLCJGMzNSIl0sInVzZXJJZCI6MTI3ODF9.hmXBzN_HhfJHvzT79Y5LRW5UOGvzQze5pfhC7WQwsW8rk1UYifsAW9DMe641KcNAn-1D0Dh68eeK5zuASE0iyg
19/09/2024 12:11:53  INFO [main] AuthenticationDefaultController :  eyJhbGciOiJIUzUxMiJ9.eyJzdWIiOiI3NTU0MTgzMDAxMCIsImlhdCI6MTcyNjc1ODcxMywiZXhwIjoxNzI2ODA1NTEzLCJ1c2VybmFtZSI6Ijc1NTQxODMwMDEwIiwiZmlyc3ROYW1lIjoiU2VydmljZV9PcGVyYWRvciAiLCJsYXN0TmFtZSI6IlZlbmRhIEFSViIsInByb2ZpbGUiOiJPcGVyYWRvciBWZW5kYSBBUlYiLCJyb2xlcyI6WyJGMzBEIiwiRjI4UiIsIkYzMFUiLCJGMjhDIiwiRjI5UiIsIkYzMEMiLCJGMDFSIiwiRjAyUiIsIkYwM1IiLCJGMDRSIiwiRjA1UiIsIkYwNkMiLCJGMDZSIiwiRjA3UiIsIkYwOVIiLCJGMTBSIiwiRjExQyIsIkYxMVIiLCJGMTJDIiwiRjEyUiIsIkYxMlUiLCJGMTNDIiwiRjEzUiIsIkYxNFIiLCJGMTVSIiwiRjE3QyIsIkYxN1IiLCJGMThSIiwiRjIwUiIsIkYyN1IiLCJGMjRSIiwiRjMwUiIsIkYyNEMiLCJGMzNSIl0sInVzZXJJZCI6MTI3ODF9.hmXBzN_HhfJHvzT79Y5LRW5UOGvzQze5pfhC7WQwsW8rk1UYifsAW9DMe641KcNAn-1D0Dh68eeK5zuASE0iyg
