18/09/2024 17:53:26  INFO [main] ApiRest : Obtendo as propriedades de configuração...
18/09/2024 17:53:26  INFO [main] ApiRest : Propriedades de configuração carregadas com sucesso.
18/09/2024 17:53:26  INFO [main] ApiRest : Obtendo as propriedades de configuração...
18/09/2024 17:53:26  INFO [main] ApiRest : Propriedades de configuração carregadas com sucesso.
18/09/2024 17:53:26  INFO [main] ApiRest : Obtendo as propriedades de configuração...
18/09/2024 17:53:26  INFO [main] ApiRest : Propriedades de configuração carregadas com sucesso.
18/09/2024 17:53:26  INFO [main] ApiRest : Obtendo as propriedades de configuração...
18/09/2024 17:53:26  INFO [main] ApiRest : Propriedades de configuração carregadas com sucesso.
18/09/2024 17:53:26  INFO [main] ApiRest : Obtendo as propriedades de configuração...
18/09/2024 17:53:26  INFO [main] ApiRest : Propriedades de configuração carregadas com sucesso.
18/09/2024 17:53:26  INFO [main] ApiRest : Obtendo as propriedades de configuração...
18/09/2024 17:53:26  INFO [main] ApiRest : Propriedades de configuração carregadas com sucesso.
18/09/2024 17:53:26  INFO [main] ApiRest : Obtendo as propriedades de configuração...
18/09/2024 17:53:26  INFO [main] ApiRest : Propriedades de configuração carregadas com sucesso.
18/09/2024 17:53:30  INFO [main] PostRequest : calling the post method with params: url=https://demoqa.com/Account/v1/GenerateToken, body={password=F!rm!no@24111994, userName=NickFirmino}
18/09/2024 17:53:30  INFO [main] AuthenticationDefaultController : model.authentication.AuthenticationDefault@53747c4a
18/09/2024 18:30:04  INFO [main] ApiRest : Obtendo as propriedades de configuração...
18/09/2024 18:30:04  INFO [main] ApiRest : Propriedades de configuração carregadas com sucesso.
18/09/2024 18:30:04  INFO [main] ApiRest : Obtendo as propriedades de configuração...
18/09/2024 18:30:04  INFO [main] ApiRest : Propriedades de configuração carregadas com sucesso.
18/09/2024 18:30:04  INFO [main] ApiRest : Obtendo as propriedades de configuração...
18/09/2024 18:30:04  INFO [main] ApiRest : Propriedades de configuração carregadas com sucesso.
18/09/2024 18:30:04  INFO [main] ApiRest : Obtendo as propriedades de configuração...
18/09/2024 18:30:04  INFO [main] ApiRest : Propriedades de configuração carregadas com sucesso.
18/09/2024 18:30:04  INFO [main] ApiRest : Obtendo as propriedades de configuração...
18/09/2024 18:30:04  INFO [main] ApiRest : Propriedades de configuração carregadas com sucesso.
18/09/2024 18:30:04  INFO [main] ApiRest : Obtendo as propriedades de configuração...
18/09/2024 18:30:04  INFO [main] ApiRest : Propriedades de configuração carregadas com sucesso.
18/09/2024 18:30:04  INFO [main] ApiRest : Obtendo as propriedades de configuração...
18/09/2024 18:30:04  INFO [main] ApiRest : Propriedades de configuração carregadas com sucesso.
18/09/2024 18:30:08  INFO [main] PostRequest : calling the post method with params: url=https://demoqa.com/Account/v1/GenerateToken, body={password=F!rm!no@24111994, userName=NickFirmino}
18/09/2024 18:30:08  INFO [main] AuthenticationDefaultController : obtendo token de acesso: eyJhbGciOiJIUzI1NiIsInR5cCI6IkpXVCJ9.eyJ1c2VyTmFtZSI6Ik5pY2tGaXJtaW5vIiwicGFzc3dvcmQiOiJGIXJtIW5vQDI0MTExOTk0IiwiaWF0IjoxNzI2Njk1MDA4fQ.tgyxPlB4SqU_fMSUj27NkBnlpApRUbnSu-u__1mlqO0
18/09/2024 18:30:08  INFO [main] AuthenticationDefaultController : eyJhbGciOiJIUzI1NiIsInR5cCI6IkpXVCJ9.eyJ1c2VyTmFtZSI6Ik5pY2tGaXJtaW5vIiwicGFzc3dvcmQiOiJGIXJtIW5vQDI0MTExOTk0IiwiaWF0IjoxNzI2Njk1MDA4fQ.tgyxPlB4SqU_fMSUj27NkBnlpApRUbnSu-u__1mlqO0
18/09/2024 18:30:08  INFO [main] AuthenticationDefaultController : obtendo data e horario de expiração do token: 2024-09-25T21:30:08.024Z
18/09/2024 18:30:08  INFO [main] AuthenticationDefaultController : 2024-09-25T21:30:08.024Z
18/09/2024 18:30:08  INFO [main] AuthenticationDefaultController : obtendo status do token: Success
18/09/2024 18:30:08  INFO [main] AuthenticationDefaultController : Success
18/09/2024 18:30:08  INFO [main] AuthenticationDefaultController : obtendo resultado do token: User authorized successfully.
18/09/2024 18:30:08  INFO [main] AuthenticationDefaultController : User authorized successfully.
