23/09/2024 17:55:17  INFO [main] Runner : Executando testes com JUnit 4...
23/09/2024 17:58:19  INFO [main] Runner : Executando testes com JUnit 4...
23/09/2024 17:58:20  INFO [main] ApiRest : Obtendo as propriedades de configuração...
23/09/2024 17:58:20  INFO [main] ApiRest : Propriedades de configuração carregadas com sucesso.
23/09/2024 17:58:20  INFO [main] AuthorizedController : acessando Authorized com o methodo post com os paramentos userName: NickFirmino e password: <product>
23/09/2024 17:58:24  INFO [main] PostRequest : calling the post method with params: url=https://demoqa.com/Account/v1/Authorized, body={password=<product>, userName=NickFirmino}
23/09/2024 17:59:33  INFO [main] Runner : Executando testes com JUnit 4...
23/09/2024 17:59:34  INFO [main] ApiRest : Obtendo as propriedades de configuração...
23/09/2024 17:59:34  INFO [main] ApiRest : Propriedades de configuração carregadas com sucesso.
23/09/2024 17:59:34  INFO [main] AuthorizedController : acessando Authorized com o methodo post com os paramentos userName: NickFirmino e password: <product>
23/09/2024 17:59:37  INFO [main] PostRequest : calling the post method with params: url=https://demoqa.com/Account/v1/Authorized, body={password=<product>, userName=NickFirmino}
23/09/2024 18:12:50  INFO [main] Runner : Executando testes com JUnit 4...
23/09/2024 18:12:52  INFO [main] Hooks : Iniciando o cenário: Consulta de autorizacao com sucesso [200]
23/09/2024 18:12:52  INFO [main] Hooks : ID do cenário: 736cd890-be62-44c5-9e58-2f8a49970587
23/09/2024 18:12:52  INFO [main] ApiRest : Obtendo as propriedades de configuração...
23/09/2024 18:12:52  INFO [main] ApiRest : Propriedades de configuração carregadas com sucesso.
23/09/2024 18:12:52  INFO [main] AuthorizedController : acessando Authorized com o methodo post com os paramentos userName: NickFirmino e password: <product>
23/09/2024 18:12:55  INFO [main] PostRequest : calling the post method with params: url=https://demoqa.com/Account/v1/Authorized, body={password=<product>, userName=NickFirmino}
23/09/2024 18:12:55  INFO [main] Hooks : Finalizando o cenário: Consulta de autorizacao com sucesso [200]
23/09/2024 18:12:55  INFO [main] Hooks : ID do cenário: 736cd890-be62-44c5-9e58-2f8a49970587
23/09/2024 18:12:55  INFO [main] Hooks : Status do cenário: PASSED
